2025-03-24 21:31:34.776 tests/security/test_connect_to_shutdown_db.py::test_1 PASSED [   1/1179]
2025-03-24 21:31:37.485 tests/security/test_login_lockout_time.py::test_1 PASSED [   2/1179]
2025-03-24 21:32:59.390 tests/security/test_login_lockout_time_reset_user.py::test_1 PASSED [   3/1179]
2025-03-24 21:33:11.681 tests/security/additional/test_grant-revoke_ddl_to_trigger.py::test_1 PASSED [   4/1179]
2025-03-24 21:33:13.394 tests/security/additional/test_grant-revoke_ddl_to_view.py::test_1 PASSED [   5/1179]
2025-03-24 21:33:13.993 tests/security/additional/test_grant-revoke_dml_to_trigger.py::test_1 PASSED [   6/1179]
2025-03-24 21:33:15.615 tests/security/additional/test_grant-revoke_dml_to_view.py::test_1 PASSED [   7/1179]
2025-03-24 21:33:16.307 tests/security/additional/test_grant_ddl_to_procedure.py::test_1 PASSED [   8/1179]
2025-03-24 21:33:16.944 tests/security/additional/test_grant_ddl_to_procedure_caller_ctxt.py::test_1 PASSED [   9/1179]
2025-03-24 21:33:17.952 tests/security/additional/test_grant_ddl_to_procedure_with_go.py::test_1 PASSED [  10/1179]
2025-03-24 21:33:18.550 tests/security/additional/test_grant_ddl_to_trigger_with_go.py::test_1 PASSED [  11/1179]
2025-03-24 21:33:19.960 tests/security/additional/test_grant_dml_to_procedure.py::test_1 PASSED [  12/1179]
2025-03-24 21:33:20.588 tests/security/additional/test_grant_dml_to_procedure_caller_ctxt.py::test_1 PASSED [  13/1179]
2025-03-24 21:33:22.544 tests/security/additional/test_grant_dml_to_procedure_with_go.py::test_1 PASSED [  14/1179]
2025-03-24 21:33:23.143 tests/security/additional/test_grant_dml_to_trigger_with_go.py::test_1 PASSED [  15/1179]
2025-03-24 21:33:24.500 tests/security/additional/test_revoke_ddl_from_procedure.py::test_1 PASSED [  16/1179]
2025-03-24 21:33:25.097 tests/security/additional/test_revoke_dml_from_procedure.py::test_1 PASSED [  17/1179]
2025-03-24 21:33:25.741 tests/security/audit/test_audittraceconfigfiles_1.py::test_1 PASSED [  18/1179]
2025-03-24 21:33:30.364 tests/security/audit/test_audittraceconfigfiles_2.py::test_1 PASSED [  19/1179]
2025-03-24 21:33:35.162 tests/security/audit/test_audittraceconfigfiles_3.py::test_1 PASSED [  20/1179]
2025-03-24 21:33:39.831 tests/security/audit/test_audittraceconfigfiles_4.py::test_1 PASSED [  21/1179]
2025-03-24 21:33:48.428 tests/security/audit/test_audittraceconfigfiles_5.py::test_1 PASSED [  22/1179]
2025-03-24 21:34:02.193 tests/security/audit/test_log_format_invalid.py::test_1 PASSED [  23/1179]
2025-03-24 21:34:13.902 tests/security/audit/test_server_log_in_root_folder.py::test_1 FAILED [  24/1179]
2025-03-24 21:34:22.879 tests/security/audit/test_server_log_in_root_folder.py::test_1 ERROR [  24/1179]
2025-03-24 21:34:22.880 tests/security/audit/test_server_log_in_special_folder.py::test_1 FAILED [  25/1179]
2025-03-24 21:34:28.423 tests/security/audit/test_server_log_in_special_folder.py::test_1 ERROR [  25/1179]
2025-03-24 21:34:28.424 tests/security/audit/binary/test_attach_database.py::test_1 PASSED [  26/1179]
2025-03-24 21:35:09.422 tests/security/audit/binary/test_attach_database_failed.py::test_1 PASSED [  27/1179]
2025-03-24 21:35:37.419 tests/security/audit/binary/test_attach_database_unauth.py::test_1 PASSED [  28/1179]
2025-03-24 21:35:39.627 tests/security/audit/binary/test_attach_database_unauth_with_alias.py::test_1 PASSED [  29/1179]
2025-03-24 21:35:40.205 tests/security/audit/binary/test_attach_service.py::test_1 PASSED [  30/1179]
2025-03-24 21:35:41.201 tests/security/audit/binary/test_blr_logproc.py::test_1 PASSED [  31/1179]
2025-03-24 21:35:42.210 tests/security/audit/binary/test_cancel_function_start.py::test_1 PASSED [  32/1179]
2025-03-24 21:35:42.767 tests/security/audit/binary/test_cancel_procedure_start.py::test_1 PASSED [  33/1179]
2025-03-24 21:35:43.341 tests/security/audit/binary/test_cancel_service_query.py::test_1 PASSED [  34/1179]
2025-03-24 21:35:43.719 tests/security/audit/binary/test_cancel_statement_prepare.py::test_1 PASSED [  35/1179]
2025-03-24 21:35:44.151 tests/security/audit/binary/test_cancel_statement_start.py::test_1 PASSED [  36/1179]
2025-03-24 21:35:44.755 tests/security/audit/binary/test_cancel_transaction_start.py::test_1 PASSED [  37/1179]
2025-03-24 21:35:45.245 tests/security/audit/binary/test_cancel_trigger_start.py::test_1 PASSED [  38/1179]
2025-03-24 21:35:46.150 tests/security/audit/binary/test_commit_transaction.py::test_1 PASSED [  39/1179]
2025-03-24 21:35:47.676 tests/security/audit/binary/test_connect_authorized.py::test_1 PASSED [  40/1179]
2025-03-24 21:35:53.268 tests/security/audit/binary/test_connect_unauthorized.py::test_1 PASSED [  41/1179]
2025-03-24 21:35:54.909 tests/security/audit/binary/test_count.py::test_1 PASSED [  42/1179]
2025-03-24 21:36:02.791 tests/security/audit/binary/test_create_database.py::test_1 PASSED [  43/1179]
2025-03-24 21:36:07.771 tests/security/audit/binary/test_create_database_failed.py::test_1 PASSED [  44/1179]
2025-03-24 21:36:15.163 tests/security/audit/binary/test_create_database_unauth.py::test_1 PASSED [  45/1179]
2025-03-24 21:36:29.208 tests/security/audit/binary/test_detach_database.py::test_1 PASSED [  46/1179]
2025-03-24 21:36:30.737 tests/security/audit/binary/test_detach_service.py::test_1 PASSED [  47/1179]
2025-03-24 21:36:31.890 tests/security/audit/binary/test_drop_database.py::test_1 PASSED [  48/1179]
2025-03-24 21:36:33.356 tests/security/audit/binary/test_exclude_process_filter.py::test_1 PASSED [  49/1179]
2025-03-24 21:36:34.613 tests/security/audit/binary/test_exclude_user_filter.py::test_1 PASSED [  50/1179]
2025-03-24 21:36:37.993 tests/security/audit/binary/test_execute_create_table.py::test_1 PASSED [  51/1179]
2025-03-24 21:36:39.222 tests/security/audit/binary/test_execute_delete_statement.py::test_1 PASSED [  52/1179]
2025-03-24 21:36:41.469 tests/security/audit/binary/test_execute_function_finish.py::test_1 PASSED [  53/1179]
2025-03-24 21:36:42.586 tests/security/audit/binary/test_execute_function_finish_failed.py::test_1 PASSED [  54/1179]
2025-03-24 21:36:43.491 tests/security/audit/binary/test_execute_function_start.py::test_1 PASSED [  55/1179]
2025-03-24 21:36:44.234 tests/security/audit/binary/test_execute_insert_statement.py::test_1 PASSED [  56/1179]
2025-03-24 21:36:45.454 tests/security/audit/binary/test_execute_procedure_finish.py::test_1 PASSED [  57/1179]
2025-03-24 21:36:46.243 tests/security/audit/binary/test_execute_procedure_finish_failed.py::test_1 PASSED [  58/1179]
2025-03-24 21:36:47.032 tests/security/audit/binary/test_execute_procedure_start.py::test_1 PASSED [  59/1179]
2025-03-24 21:36:48.319 tests/security/audit/binary/test_execute_select_statement.py::test_1 PASSED [  60/1179]
2025-03-24 21:36:49.524 tests/security/audit/binary/test_execute_statement_finish_failed.py::test_1 PASSED [  61/1179]
2025-03-24 21:36:50.750 tests/security/audit/binary/test_execute_statement_finish_unauth.py::test_1 PASSED [  62/1179]
2025-03-24 21:36:51.791 tests/security/audit/binary/test_execute_trigger_finish.py::test_1 PASSED [  63/1179]
2025-03-24 21:36:52.775 tests/security/audit/binary/test_execute_trigger_finish_failed.py::test_1 PASSED [  64/1179]
2025-03-24 21:36:53.540 tests/security/audit/binary/test_execute_trigger_start.py::test_1 PASSED [  65/1179]
2025-03-24 21:36:54.292 tests/security/audit/binary/test_execute_update_statement.py::test_1 PASSED [  66/1179]
2025-03-24 21:36:55.484 tests/security/audit/binary/test_fetch.py::test_1 PASSED [  67/1179]
2025-03-24 21:36:58.118 tests/security/audit/binary/test_free_create_table.py::test_1 PASSED [  68/1179]
2025-03-24 21:36:59.842 tests/security/audit/binary/test_free_delete_statement.py::test_1 PASSED [  69/1179]
2025-03-24 21:37:01.028 tests/security/audit/binary/test_free_insert_statement.py::test_1 PASSED [  70/1179]
2025-03-24 21:37:03.012 tests/security/audit/binary/test_free_select_statement.py::test_1 PASSED [  71/1179]
2025-03-24 21:37:04.210 tests/security/audit/binary/test_free_update_statement.py::test_1 PASSED [  72/1179]
2025-03-24 21:37:08.324 tests/security/audit/binary/test_grant_privileges.py::test_1 PASSED [  73/1179]
2025-03-24 21:37:09.557 tests/security/audit/binary/test_grant_privileges_and_drop_getters_of_privileges.py::test_1 PASSED [  74/1179]
2025-03-24 21:37:11.177 tests/security/audit/binary/test_grant_privileges_and_drop_objects_of_privileges.py::test_1 PASSED [  75/1179]
2025-03-24 21:37:12.762 tests/security/audit/binary/test_grant_privileges_failed.py::test_1 PASSED [  76/1179]
2025-03-24 21:37:13.892 tests/security/audit/binary/test_grant_privileges_twice.py::test_1 PASSED [  77/1179]
2025-03-24 21:37:15.211 tests/security/audit/binary/test_grant_privileges_unauth.py::test_1 PASSED [  78/1179]
2025-03-24 21:37:16.470 tests/security/audit/binary/test_include_process_filter.py::test_1 PASSED [  79/1179]
2025-03-24 21:37:17.666 tests/security/audit/binary/test_include_user_filter.py::test_1 PASSED [  80/1179]
2025-03-24 21:37:22.650 tests/security/audit/binary/test_log_filename_1.py::test_1 PASSED [  81/1179]
2025-03-24 21:37:23.285 tests/security/audit/binary/test_log_filename_2.py::test_1 PASSED [  82/1179]
2025-03-24 21:37:23.706 tests/security/audit/binary/test_log_filename_3.py::test_1 PASSED [  83/1179]
2025-03-24 21:37:24.107 tests/security/audit/binary/test_log_filename_4.py::test_1 PASSED [  84/1179]
2025-03-24 21:37:24.482 tests/security/audit/binary/test_log_initfini.py::test_1 PASSED [  85/1179]
2025-03-24 21:37:25.171 tests/security/audit/binary/test_log_message.py::test_1 PASSED [  86/1179]
2025-03-24 21:37:26.728 tests/security/audit/binary/test_log_sweep.py::test_1 PASSED [  87/1179]
2025-03-24 21:37:27.313 tests/security/audit/binary/test_max_log_size.py::test_1 PASSED [  88/1179]
2025-03-24 21:37:28.712 tests/security/audit/binary/test_newtable_correct.py::test_1 PASSED [  89/1179]
2025-03-24 21:37:30.523 tests/security/audit/binary/test_newtable_fail.py::test_1 PASSED [  90/1179]
2025-03-24 21:37:31.424 tests/security/audit/binary/test_newtable_fail_1.py::test_1 PASSED [  91/1179]
2025-03-24 21:37:32.314 tests/security/audit/binary/test_oldlog.py::test_1 PASSED [  92/1179]
2025-03-24 21:37:33.290 tests/security/audit/binary/test_prepare_create_table.py::test_1 PASSED [  93/1179]
2025-03-24 21:37:38.339 tests/security/audit/binary/test_prepare_delete_statement.py::test_1 PASSED [  94/1179]
2025-03-24 21:37:39.911 tests/security/audit/binary/test_prepare_insert_statement.py::test_1 PASSED [  95/1179]
2025-03-24 21:37:42.690 tests/security/audit/binary/test_prepare_select_statement.py::test_1 PASSED [  96/1179]
2025-03-24 21:37:43.916 tests/security/audit/binary/test_prepare_statement_failed.py::test_1 PASSED [  97/1179]
2025-03-24 21:37:45.740 tests/security/audit/binary/test_prepare_statement_unauth.py::test_1 PASSED [  98/1179]
2025-03-24 21:37:46.949 tests/security/audit/binary/test_prepare_update_statement.py::test_1 PASSED [  99/1179]
2025-03-24 21:37:48.226 tests/security/audit/binary/test_procedure_authorized.py::test_1 PASSED [ 100/1179]
2025-03-24 21:37:50.480 tests/security/audit/binary/test_procedure_failed.py::test_1 PASSED [ 101/1179]
2025-03-24 21:37:51.915 tests/security/audit/binary/test_procedure_unauthorized.py::test_1 PASSED [ 102/1179]
2025-03-24 21:37:53.306 tests/security/audit/binary/test_query_authorized.py::test_1 PASSED [ 103/1179]
2025-03-24 21:37:55.325 tests/security/audit/binary/test_query_big_10kb.py::test_1 PASSED [ 104/1179]
2025-03-24 21:37:56.219 tests/security/audit/binary/test_query_big_2kb.py::test_1 PASSED [ 105/1179]
2025-03-24 21:37:57.034 tests/security/audit/binary/test_query_big_4kb.py::test_1 PASSED [ 106/1179]
2025-03-24 21:37:57.862 tests/security/audit/binary/test_query_failed.py::test_1 PASSED [ 107/1179]
2025-03-24 21:37:59.595 tests/security/audit/binary/test_query_rollback.py::test_1 PASSED [ 108/1179]
2025-03-24 21:38:01.334 tests/security/audit/binary/test_query_service_1.py::test_1 PASSED [ 109/1179]
2025-03-24 21:38:01.980 tests/security/audit/binary/test_query_service_2.py::test_1 PASSED [ 110/1179]
2025-03-24 21:38:02.674 tests/security/audit/binary/test_query_unauthorized.py::test_1 PASSED [ 111/1179]
2025-03-24 21:38:04.149 tests/security/audit/binary/test_revoke_privileges.py::test_1 PASSED [ 112/1179]
2025-03-24 21:38:06.065 tests/security/audit/binary/test_revoke_privileges_after_drop_getters_of_privileges.py::test_1 PASSED [ 113/1179]
2025-03-24 21:38:07.558 tests/security/audit/binary/test_revoke_privileges_after_drop_objects_of_privileges.py::test_1 PASSED [ 114/1179]
2025-03-24 21:38:09.060 tests/security/audit/binary/test_revoke_privileges_failed.py::test_1 PASSED [ 115/1179]
2025-03-24 21:38:09.945 tests/security/audit/binary/test_revoke_privileges_twice.py::test_1 PASSED [ 116/1179]
2025-03-24 21:38:12.437 tests/security/audit/binary/test_rollback_transaction.py::test_1 PASSED [ 117/1179]
2025-03-24 21:38:13.516 tests/security/audit/binary/test_services.py::test_1 PASSED [ 118/1179]
2025-03-24 21:38:14.611 tests/security/audit/binary/test_set_context_variable.py::test_1 PASSED [ 119/1179]
2025-03-24 21:38:15.531 tests/security/audit/binary/test_setcontext.py::test_1 PASSED [ 120/1179]
2025-03-24 21:38:16.360 tests/security/audit/binary/test_start_service.py::test_1 PASSED [ 121/1179]
2025-03-24 21:38:17.244 tests/security/audit/binary/test_start_service_failed.py::test_1 PASSED [ 122/1179]
2025-03-24 21:38:17.906 tests/security/audit/binary/test_start_transaction.py::test_1 PASSED [ 123/1179]
2025-03-24 21:38:18.939 tests/security/audit/binary/test_start_transaction_2.py::test_1 PASSED [ 124/1179]
2025-03-24 21:38:20.011 tests/security/audit/syslog/test_attach_database.py::test_1 PASSED [ 125/1179]
2025-03-24 21:38:20.779 tests/security/audit/syslog/test_attach_database_failed.py::test_1 PASSED [ 126/1179]
2025-03-24 21:38:21.304 tests/security/audit/syslog/test_attach_database_unauth.py::test_1 PASSED [ 127/1179]
2025-03-24 21:38:21.706 tests/security/audit/syslog/test_commit_transaction.py::test_1 PASSED [ 128/1179]
2025-03-24 21:38:22.172 tests/security/audit/syslog/test_detach_database.py::test_1 PASSED [ 129/1179]
2025-03-24 21:38:22.580 tests/security/audit/syslog/test_execute_select_statement.py::test_1 PASSED [ 130/1179]
2025-03-24 21:38:23.577 tests/security/audit/syslog/SecurityLog/both/test_high_level.py::test_1 PASSED [ 131/1179]
2025-03-24 21:38:28.324 tests/security/audit/syslog/SecurityLog/both/test_low_level.py::test_1 PASSED [ 132/1179]
2025-03-24 21:38:32.905 tests/security/audit/syslog/SecurityLog/both/test_medium_level.py::test_1 PASSED [ 133/1179]
2025-03-24 21:38:37.799 tests/security/audit/syslog/SecurityLog/syslog/test_high_level.py::test_1 PASSED [ 134/1179]
2025-03-24 21:38:42.660 tests/security/audit/syslog/SecurityLog/syslog/test_low_level.py::test_1 PASSED [ 135/1179]
2025-03-24 21:38:47.227 tests/security/audit/syslog/SecurityLog/syslog/test_medium_level.py::test_1 PASSED [ 136/1179]
2025-03-24 21:38:51.839 tests/security/audit/text/test_attach_database.py::test_1 PASSED [ 137/1179]
2025-03-24 21:38:52.261 tests/security/audit/text/test_attach_database_failed.py::test_1 PASSED [ 138/1179]
2025-03-24 21:38:53.149 tests/security/audit/text/test_attach_database_unauth.py::test_1 PASSED [ 139/1179]
2025-03-24 21:38:53.577 tests/security/audit/text/test_attach_database_unauth_with_alias.py::test_1 PASSED [ 140/1179]
2025-03-24 21:38:53.984 tests/security/audit/text/test_attach_service.py::test_1 PASSED [ 141/1179]
2025-03-24 21:38:54.518 tests/security/audit/text/test_cancel_function_finish.py::test_1 PASSED [ 142/1179]
2025-03-24 21:38:55.086 tests/security/audit/text/test_cancel_function_start.py::test_1 PASSED [ 143/1179]
2025-03-24 21:38:55.646 tests/security/audit/text/test_cancel_procedure_finish.py::test_1 PASSED [ 144/1179]
2025-03-24 21:38:56.181 tests/security/audit/text/test_cancel_procedure_start.py::test_1 PASSED [ 145/1179]
2025-03-24 21:38:56.734 tests/security/audit/text/test_cancel_service_query.py::test_1 PASSED [ 146/1179]
2025-03-24 21:38:57.140 tests/security/audit/text/test_cancel_statement_finish.py::test_1 PASSED [ 147/1179]
2025-03-24 21:38:58.719 tests/security/audit/text/test_cancel_statement_prepare.py::test_1 PASSED [ 148/1179]
2025-03-24 21:38:59.123 tests/security/audit/text/test_cancel_statement_start.py::test_1 PASSED [ 149/1179]
2025-03-24 21:38:59.647 tests/security/audit/text/test_cancel_transaction_start.py::test_1 PASSED [ 150/1179]
2025-03-24 21:39:00.059 tests/security/audit/text/test_cancel_trigger_finish.py::test_1 PASSED [ 151/1179]
2025-03-24 21:39:00.634 tests/security/audit/text/test_cancel_trigger_start.py::test_1 PASSED [ 152/1179]
2025-03-24 21:39:01.211 tests/security/audit/text/test_commit_transaction.py::test_1 PASSED [ 153/1179]
2025-03-24 21:39:01.672 tests/security/audit/text/test_connection_id.py::test_1 SKIPPED [ 154/1179]
2025-03-24 21:39:01.674 tests/security/audit/text/test_create_database.py::test_1 PASSED [ 155/1179]
2025-03-24 21:39:02.071 tests/security/audit/text/test_create_database_failed.py::test_1 PASSED [ 156/1179]
2025-03-24 21:39:02.718 tests/security/audit/text/test_create_database_unauth.py::test_1 PASSED [ 157/1179]
2025-03-24 21:39:03.745 tests/security/audit/text/test_dbname_full.py::test_1 PASSED [ 158/1179]
2025-03-24 21:39:04.580 tests/security/audit/text/test_dbname_regexpr.py::test_1 PASSED [ 159/1179]
2025-03-24 21:39:05.399 tests/security/audit/text/test_detach_database.py::test_1 PASSED [ 160/1179]
2025-03-24 21:39:05.830 tests/security/audit/text/test_detach_service.py::test_1 PASSED [ 161/1179]
2025-03-24 21:39:06.342 tests/security/audit/text/test_disabled.py::test_1 PASSED [ 162/1179]
2025-03-24 21:39:06.816 tests/security/audit/text/test_drop_database.py::test_1 PASSED [ 163/1179]
2025-03-24 21:39:07.755 tests/security/audit/text/test_enabled_invalid.py::test_1 PASSED [ 164/1179]
2025-03-24 21:39:08.242 tests/security/audit/text/test_enabled_true.py::test_1 PASSED [ 165/1179]
2025-03-24 21:39:08.722 tests/security/audit/text/test_exclude_and_include_same_gdscode.py::test_1 PASSED [ 166/1179]
2025-03-24 21:39:09.793 tests/security/audit/text/test_exclude_filter_boolean.py::test_1 PASSED [ 167/1179]
2025-03-24 21:39:10.304 tests/security/audit/text/test_exclude_filter_empty.py::test_1 PASSED [ 168/1179]
2025-03-24 21:39:10.920 tests/security/audit/text/test_exclude_filter_select.py::test_1 PASSED [ 169/1179]
2025-03-24 21:39:11.418 tests/security/audit/text/test_exclude_filter_select_join.py::test_1 PASSED [ 170/1179]
2025-03-24 21:39:11.917 tests/security/audit/text/test_exclude_filter_system_data.py::test_1 PASSED [ 171/1179]
2025-03-24 21:39:12.433 tests/security/audit/text/test_exclude_filter_table.py::test_1 PASSED [ 172/1179]
2025-03-24 21:39:13.225 tests/security/audit/text/test_exclude_gds_codes.py::test_1 PASSED [ 173/1179]
2025-03-24 21:39:14.477 tests/security/audit/text/test_exclude_process_filter.py::test_1 PASSED [ 174/1179]
2025-03-24 21:39:15.030 tests/security/audit/text/test_exclude_user_filter.py::test_1 PASSED [ 175/1179]
2025-03-24 21:39:18.619 tests/security/audit/text/test_execute_create_table.py::test_1 PASSED [ 176/1179]
2025-03-24 21:39:19.095 tests/security/audit/text/test_execute_delete_statement.py::test_1 PASSED [ 177/1179]
2025-03-24 21:39:19.678 tests/security/audit/text/test_execute_function_finish.py::test_1 PASSED [ 178/1179]
2025-03-24 21:39:20.283 tests/security/audit/text/test_execute_function_finish_failed.py::test_1 PASSED [ 179/1179]
2025-03-24 21:39:20.891 tests/security/audit/text/test_execute_function_start.py::test_1 PASSED [ 180/1179]
2025-03-24 21:39:21.514 tests/security/audit/text/test_execute_insert_statement.py::test_1 PASSED [ 181/1179]
2025-03-24 21:39:22.138 tests/security/audit/text/test_execute_procedure_finish.py::test_1 PASSED [ 182/1179]
2025-03-24 21:39:22.735 tests/security/audit/text/test_execute_procedure_finish_failed.py::test_1 PASSED [ 183/1179]
2025-03-24 21:39:23.377 tests/security/audit/text/test_execute_procedure_start.py::test_1 PASSED [ 184/1179]
2025-03-24 21:39:24.020 tests/security/audit/text/test_execute_select_statement.py::test_1 PASSED [ 185/1179]
2025-03-24 21:39:24.648 tests/security/audit/text/test_execute_select_statement_with_sorting.py::test_1 PASSED [ 186/1179]
2025-03-24 21:39:25.294 tests/security/audit/text/test_execute_statement_finish_failed.py::test_1 PASSED [ 187/1179]
2025-03-24 21:39:25.900 tests/security/audit/text/test_execute_statement_finish_unauth.py::test_1 PASSED [ 188/1179]
2025-03-24 21:39:26.850 tests/security/audit/text/test_execute_trigger_finish.py::test_1 PASSED [ 189/1179]
2025-03-24 21:39:27.488 tests/security/audit/text/test_execute_trigger_finish_failed.py::test_1 PASSED [ 190/1179]
2025-03-24 21:39:28.112 tests/security/audit/text/test_execute_trigger_start.py::test_1 PASSED [ 191/1179]
2025-03-24 21:39:28.749 tests/security/audit/text/test_execute_update_statement.py::test_1 PASSED [ 192/1179]
2025-03-24 21:39:29.370 tests/security/audit/text/test_explain_plan.py::test_1 PASSED [ 193/1179]
2025-03-24 21:39:30.008 tests/security/audit/text/test_format_0.py::test_1 PASSED [ 194/1179]
2025-03-24 21:39:30.487 tests/security/audit/text/test_format_4.py::test_1 PASSED [ 195/1179]
2025-03-24 21:39:30.963 tests/security/audit/text/test_format_invalid.py::test_1 PASSED [ 196/1179]
2025-03-24 21:39:31.567 tests/security/audit/text/test_free_create_table.py::test_1 PASSED [ 197/1179]
2025-03-24 21:39:32.049 tests/security/audit/text/test_free_delete_statement.py::test_1 PASSED [ 198/1179]
2025-03-24 21:39:32.656 tests/security/audit/text/test_free_insert_statement.py::test_1 PASSED [ 199/1179]
2025-03-24 21:39:33.286 tests/security/audit/text/test_free_select_statement.py::test_1 PASSED [ 200/1179]
2025-03-24 21:39:33.908 tests/security/audit/text/test_free_update_statement.py::test_1 PASSED [ 201/1179]
2025-03-24 21:39:34.509 tests/security/audit/text/test_grant_privileges.py::test_2 PASSED [ 202/1179]
2025-03-24 21:39:35.671 tests/security/audit/text/test_grant_privileges_and_drop_getters_of_privileges.py::test_1 PASSED [ 203/1179]
2025-03-24 21:39:36.828 tests/security/audit/text/test_grant_privileges_and_drop_objects_of_privileges.py::test_1 PASSED [ 204/1179]
2025-03-24 21:39:38.043 tests/security/audit/text/test_grant_privileges_failed.py::test_1 PASSED [ 205/1179]
2025-03-24 21:39:39.148 tests/security/audit/text/test_grant_privileges_twice.py::test_1 PASSED [ 206/1179]
2025-03-24 21:39:40.387 tests/security/audit/text/test_grant_privileges_unauth.py::test_1 PASSED [ 207/1179]
2025-03-24 21:39:41.500 tests/security/audit/text/test_include+exclude_filter.py::test_1 PASSED [ 208/1179]
2025-03-24 21:39:42.018 tests/security/audit/text/test_include=exclude_filter.py::test_1 PASSED [ 209/1179]
2025-03-24 21:39:42.521 tests/security/audit/text/test_include_filter_boolean.py::test_1 PASSED [ 210/1179]
2025-03-24 21:39:43.013 tests/security/audit/text/test_include_filter_select_join.py::test_1 PASSED [ 211/1179]
2025-03-24 21:39:43.516 tests/security/audit/text/test_include_gds_codes.py::test_1 PASSED [ 212/1179]
2025-03-24 21:39:44.636 tests/security/audit/text/test_include_only_ddl.py::test_1 PASSED [ 213/1179]
2025-03-24 21:39:45.115 tests/security/audit/text/test_include_only_insert.py::test_1 PASSED [ 214/1179]
2025-03-24 21:39:45.580 tests/security/audit/text/test_include_process_filter.py::test_1 PASSED [ 215/1179]
2025-03-24 21:39:46.119 tests/security/audit/text/test_include_user_filter.py::test_1 PASSED [ 216/1179]
2025-03-24 21:39:48.522 tests/security/audit/text/test_log_blr_requests_false.py::test_1 PASSED [ 217/1179]
2025-03-24 21:39:48.982 tests/security/audit/text/test_log_blr_requests_invalid.py::test_1 PASSED [ 218/1179]
2025-03-24 21:39:49.450 tests/security/audit/text/test_log_connections_false.py::test_1 PASSED [ 219/1179]
2025-03-24 21:39:49.860 tests/security/audit/text/test_log_connections_invalid.py::test_1 PASSED [ 220/1179]
2025-03-24 21:39:50.406 tests/security/audit/text/test_log_context_false.py::test_1 PASSED [ 221/1179]
2025-03-24 21:39:50.889 tests/security/audit/text/test_log_filename_1.py::test_1 PASSED [ 222/1179]
2025-03-24 21:39:51.321 tests/security/audit/text/test_log_filename_2.py::test_1 PASSED [ 223/1179]
2025-03-24 21:39:51.813 tests/security/audit/text/test_log_filename_3.py::test_1 PASSED [ 224/1179]
2025-03-24 21:39:52.224 tests/security/audit/text/test_log_filename_4.py::test_1 PASSED [ 225/1179]
2025-03-24 21:39:52.626 tests/security/audit/text/test_log_hostname.py::test_1 PASSED [ 226/1179]
2025-03-24 21:39:53.214 tests/security/audit/text/test_log_initfini.py::test_1 PASSED [ 227/1179]
2025-03-24 21:39:53.755 tests/security/audit/text/test_log_message.py::test_1 PASSED [ 228/1179]
2025-03-24 21:39:54.673 tests/security/audit/text/test_log_message_argument_max_size.py::test_1 PASSED [ 229/1179]
2025-03-24 21:39:55.885 tests/security/audit/text/test_log_message_buffer_max_size.py::test_1 PASSED [ 230/1179]
2025-03-24 21:39:56.898 tests/security/audit/text/test_log_message_false.py::test_1 PASSED [ 231/1179]
2025-03-24 21:39:57.522 tests/security/audit/text/test_log_no_hostname.py::test_1 PASSED [ 232/1179]
2025-03-24 21:39:58.087 tests/security/audit/text/test_log_procedure_finish_false.py::test_1 PASSED [ 233/1179]
2025-03-24 21:39:58.771 tests/security/audit/text/test_log_procedure_finish_invalid.py::test_1 PASSED [ 234/1179]
2025-03-24 21:39:59.534 tests/security/audit/text/test_log_procedure_start_false.py::test_1 PASSED [ 235/1179]
2025-03-24 21:40:00.171 tests/security/audit/text/test_log_procedure_start_invalid.py::test_1 PASSED [ 236/1179]
2025-03-24 21:40:00.805 tests/security/audit/text/test_log_security_incidents.py::test_1 PASSED [ 237/1179]
2025-03-24 21:40:02.368 tests/security/audit/text/test_log_service_query_false.py::test_1 PASSED [ 238/1179]
2025-03-24 21:40:02.815 tests/security/audit/text/test_log_service_query_invalid.py::test_1 PASSED [ 239/1179]
2025-03-24 21:40:03.299 tests/security/audit/text/test_log_services_false.py::test_1 PASSED [ 240/1179]
2025-03-24 21:40:03.753 tests/security/audit/text/test_log_services_invalid.py::test_1 PASSED [ 241/1179]
2025-03-24 21:40:04.185 tests/security/audit/text/test_log_statement_finish_false.py::test_1 PASSED [ 242/1179]
2025-03-24 21:40:04.803 tests/security/audit/text/test_log_statement_finish_invalid.py::test_1 PASSED [ 243/1179]
2025-03-24 21:40:05.565 tests/security/audit/text/test_log_statement_free_false.py::test_1 PASSED [ 244/1179]
2025-03-24 21:40:06.204 tests/security/audit/text/test_log_statement_free_invalid.py::test_1 PASSED [ 245/1179]
2025-03-24 21:40:06.978 tests/security/audit/text/test_log_statement_prepare_false.py::test_1 PASSED [ 246/1179]
2025-03-24 21:40:08.453 tests/security/audit/text/test_log_statement_prepare_invalid.py::test_1 PASSED [ 247/1179]
2025-03-24 21:40:09.059 tests/security/audit/text/test_log_statement_start_false.py::test_1 PASSED [ 248/1179]
2025-03-24 21:40:09.679 tests/security/audit/text/test_log_statement_start_invalid.py::test_1 PASSED [ 249/1179]
2025-03-24 21:40:10.291 tests/security/audit/text/test_log_sweep.py::test_1 PASSED [ 250/1179]
2025-03-24 21:40:10.770 tests/security/audit/text/test_log_transactions+deadlock.py::test_1 SKIPPED [ 251/1179]
2025-03-24 21:40:10.771 tests/security/audit/text/test_log_transactions_false.py::test_1 PASSED [ 252/1179]
2025-03-24 21:40:11.374 tests/security/audit/text/test_log_transactions_invalid.py::test_1 PASSED [ 253/1179]
2025-03-24 21:40:11.916 tests/security/audit/text/test_log_transactions_true.py::test_1 PASSED [ 254/1179]
2025-03-24 21:40:12.426 tests/security/audit/text/test_max_arg_count=-1.py::test_1 PASSED [ 255/1179]
2025-03-24 21:40:13.035 tests/security/audit/text/test_max_arg_count=0.py::test_1 PASSED [ 256/1179]
2025-03-24 21:40:13.769 tests/security/audit/text/test_max_arg_count=2.py::test_1 PASSED [ 257/1179]
2025-03-24 21:40:14.558 tests/security/audit/text/test_max_arg_count=3.py::test_1 PASSED [ 258/1179]
2025-03-24 21:40:15.150 tests/security/audit/text/test_max_arg_count_invalid.py::test_1 PASSED [ 259/1179]
2025-03-24 21:40:15.925 tests/security/audit/text/test_max_arg_length=-1.py::test_1 PASSED [ 260/1179]
2025-03-24 21:40:16.531 tests/security/audit/text/test_max_arg_length=0.py::test_1 PASSED [ 261/1179]
2025-03-24 21:40:17.168 tests/security/audit/text/test_max_arg_length=10.py::test_1 PASSED [ 262/1179]
2025-03-24 21:40:17.859 tests/security/audit/text/test_max_arg_length=5.py::test_1 PASSED [ 263/1179]
2025-03-24 21:40:18.464 tests/security/audit/text/test_max_arg_length_invalid.py::test_1 PASSED [ 264/1179]
2025-03-24 21:40:19.205 tests/security/audit/text/test_max_log_size=-1.py::test_1 PASSED [ 265/1179]
2025-03-24 21:40:19.687 tests/security/audit/text/test_max_log_size=0.py::test_1 PASSED [ 266/1179]
2025-03-24 21:40:20.241 tests/security/audit/text/test_max_log_size=1.py::test_1 PASSED [ 267/1179]
2025-03-24 21:40:21.944 tests/security/audit/text/test_max_log_size_invalid.py::test_1 PASSED [ 268/1179]
2025-03-24 21:40:22.851 tests/security/audit/text/test_max_sql_length=-1.py::test_1 PASSED [ 269/1179]
2025-03-24 21:40:23.466 tests/security/audit/text/test_max_sql_length=0.py::test_1 PASSED [ 270/1179]
2025-03-24 21:40:24.080 tests/security/audit/text/test_max_sql_length=100.py::test_1 PASSED [ 271/1179]
2025-03-24 21:40:24.679 tests/security/audit/text/test_max_sql_length=30.py::test_1 PASSED [ 272/1179]
2025-03-24 21:40:25.853 tests/security/audit/text/test_max_sql_length_invalid.py::test_1 PASSED [ 273/1179]
2025-03-24 21:40:26.572 tests/security/audit/text/test_prepare_create_table.py::test_1 PASSED [ 274/1179]
2025-03-24 21:40:27.059 tests/security/audit/text/test_prepare_delete_statement.py::test_1 PASSED [ 275/1179]
2025-03-24 21:40:27.988 tests/security/audit/text/test_prepare_insert_statement.py::test_1 PASSED [ 276/1179]
2025-03-24 21:40:28.609 tests/security/audit/text/test_prepare_select_statement.py::test_1 PASSED [ 277/1179]
2025-03-24 21:40:29.213 tests/security/audit/text/test_prepare_statement_failed.py::test_1 PASSED [ 278/1179]
2025-03-24 21:40:29.847 tests/security/audit/text/test_prepare_statement_unauth.py::test_1 PASSED [ 279/1179]
2025-03-24 21:40:30.931 tests/security/audit/text/test_prepare_update_statement.py::test_1 PASSED [ 280/1179]
2025-03-24 21:40:31.547 tests/security/audit/text/test_print_perf.py::test_1 PASSED [ 281/1179]
2025-03-24 21:40:32.148 tests/security/audit/text/test_print_plan.py::test_1 PASSED [ 282/1179]
2025-03-24 21:40:32.759 tests/security/audit/text/test_query_service_1.py::test_1 PASSED [ 283/1179]
2025-03-24 21:40:33.241 tests/security/audit/text/test_query_service_2.py::test_1 PASSED [ 284/1179]
2025-03-24 21:40:33.753 tests/security/audit/text/test_revoke_privileges.py::test_1 PASSED [ 285/1179]
2025-03-24 21:40:34.972 tests/security/audit/text/test_revoke_privileges_after_drop_getters_of_privileges.py::test_1 PASSED [ 286/1179]
2025-03-24 21:40:36.276 tests/security/audit/text/test_revoke_privileges_after_drop_objects_of_privileges.py::test_1 PASSED [ 287/1179]
2025-03-24 21:40:37.628 tests/security/audit/text/test_revoke_privileges_failed.py::test_1 PASSED [ 288/1179]
2025-03-24 21:40:38.351 tests/security/audit/text/test_revoke_privileges_twice.py::test_1 PASSED [ 289/1179]
2025-03-24 21:40:39.729 tests/security/audit/text/test_revoke_privileges_unauth.py::test_1 PASSED [ 290/1179]
2025-03-24 21:40:40.895 tests/security/audit/text/test_rollback_transaction.py::test_1 PASSED [ 291/1179]
2025-03-24 21:40:41.384 tests/security/audit/text/test_set_context_variable.py::test_1 PASSED [ 292/1179]
2025-03-24 21:40:41.848 tests/security/audit/text/test_start_service.py::test_1 PASSED [ 293/1179]
2025-03-24 21:40:42.600 tests/security/audit/text/test_start_service_failed.py::test_1 PASSED [ 294/1179]
2025-03-24 21:40:43.098 tests/security/audit/text/test_start_transaction.py::test_1 PASSED [ 295/1179]
2025-03-24 21:40:43.553 tests/security/audit/text/test_start_transaction_2.py::test_1 PASSED [ 296/1179]
2025-03-24 21:40:44.028 tests/security/audit/text/test_time_format_default.py::test_1 PASSED [ 297/1179]
2025-03-24 21:40:44.666 tests/security/audit/text/test_time_format_h.py::test_1 PASSED [ 298/1179]
2025-03-24 21:40:46.011 tests/security/audit/text/test_time_format_invalid.py::test_1 PASSED [ 299/1179]
2025-03-24 21:40:46.501 tests/security/audit/text/test_time_format_m.py::test_1 PASSED [ 300/1179]
2025-03-24 21:40:47.150 tests/security/audit/text/test_time_format_n.py::test_1 PASSED [ 301/1179]
2025-03-24 21:40:47.796 tests/security/audit/text/test_time_format_s.py::test_1 PASSED [ 302/1179]
2025-03-24 21:40:48.428 tests/security/audit/text/test_time_format_u.py::test_1 PASSED [ 303/1179]
2025-03-24 21:40:49.054 tests/security/audit/text/test_time_threshold=-1.py::test_1 PASSED [ 304/1179]
2025-03-24 21:40:49.509 tests/security/audit/text/test_time_threshold=0.py::test_1 PASSED [ 305/1179]
2025-03-24 21:40:49.992 tests/security/audit/text/test_time_threshold=50.py::test_1 PASSED [ 306/1179]
2025-03-24 21:40:50.950 tests/security/audit/text/test_time_threshold_invalid.py::test_1 PASSED [ 307/1179]
2025-03-24 21:40:51.421 tests/security/authentication/extauth/test_default_conf.py::test_1 PASSED [ 308/1179]
2025-03-24 21:40:53.581 tests/security/authentication/extauth/test_ignore_login_and_pass.py::test_1 PASSED [ 309/1179]
2025-03-24 21:40:55.608 tests/security/authentication/extauth/test_security_definer.py::test_1 FAILED [ 310/1179]
2025-03-24 21:40:56.837 tests/security/authentication/extauth/test_security_definer_att.py::test_1 FAILED [ 311/1179]
2025-03-24 21:40:57.700 tests/security/authentication/legacy/test_correctloginpass.py::test_1 PASSED [ 312/1179]
2025-03-24 21:40:58.532 tests/security/authentication/legacy/test_incorrectlogin.py::test_1 PASSED [ 313/1179]
2025-03-24 21:40:59.307 tests/security/authentication/legacy/test_incorrectpass.py::test_1 PASSED [ 314/1179]
2025-03-24 21:41:00.041 tests/security/authentication/multifactor/test_cert_correct.py::test_2 PASSED [ 315/1179]
2025-03-24 21:41:06.136 tests/security/authentication/multifactor/test_cert_correct_other_certusernamedn.py::test_2 PASSED [ 316/1179]
2025-03-24 21:41:12.018 tests/security/authentication/multifactor/test_cert_correct_with_pass_factor.py::test_2 PASSED [ 317/1179]
2025-03-24 21:41:17.942 tests/security/authentication/multifactor/test_cert_incorrect.py::test_2 PASSED [ 318/1179]
2025-03-24 21:41:23.893 tests/security/authentication/multifactor/test_cert_wrong.py::test_2 PASSED [ 319/1179]
2025-03-24 21:41:29.856 tests/security/authentication/multifactor/test_connect_trusted_certificate_user_not_exists.py::test_1 PASSED [ 320/1179]
2025-03-24 21:41:35.912 tests/security/authentication/multifactor/test_correct_loginpass_cert_factor.py::test_2 PASSED [ 321/1179]
2025-03-24 21:41:38.254 tests/security/authentication/multifactor/test_correct_loginpass_pass_factor.py::test_2 PASSED [ 322/1179]
2025-03-24 21:41:40.691 tests/security/authentication/multifactor/test_correct_loginpass_wirecrypt_disabled.py::test_2 PASSED [ 323/1179]
2025-03-24 21:41:42.681 tests/security/authentication/multifactor/test_correct_loginpass_wirecrypt_enabled.py::test_2 PASSED [ 324/1179]
2025-03-24 21:41:44.601 tests/security/authentication/multifactor/test_correct_loginpass_wirecrypt_required.py::test_2 PASSED [ 325/1179]
2025-03-24 21:41:46.754 tests/security/authentication/multifactor/test_incorrect_login_wirecrypt_disabled.py::test_2 PASSED [ 326/1179]
2025-03-24 21:41:48.158 tests/security/authentication/multifactor/test_incorrect_login_wirecrypt_enabled.py::test_2 PASSED [ 327/1179]
2025-03-24 21:41:49.393 tests/security/authentication/multifactor/test_incorrect_login_wirecrypt_required.py::test_2 PASSED [ 328/1179]
2025-03-24 21:41:50.848 tests/security/authentication/multifactor/test_incorrect_pass_wirecrypt_disabled.py::test_2 PASSED [ 329/1179]
2025-03-24 21:41:52.953 tests/security/authentication/multifactor/test_incorrect_pass_wirecrypt_enabled.py::test_2 PASSED [ 330/1179]
2025-03-24 21:41:54.738 tests/security/authentication/multifactor/test_incorrect_pass_wirecrypt_required.py::test_2 PASSED [ 331/1179]
2025-03-24 21:41:57.436 tests/security/authentication/srp/test_correct_loginpass.py::test_1 PASSED [ 332/1179]
2025-03-24 21:41:58.618 tests/security/authentication/srp/test_incorrect_login.py::test_1 PASSED [ 333/1179]
2025-03-24 21:41:59.367 tests/security/authentication/srp/test_incorrect_pass.py::test_1 PASSED [ 334/1179]
2025-03-24 21:42:00.111 tests/security/authentication/verify_server/test_cert_correct.py::test_1 PASSED [ 335/1179]
2025-03-24 21:42:01.604 tests/security/authentication/verify_server/test_cert_wrong.py::test_1 PASSED [ 336/1179]
2025-03-24 21:42:04.039 tests/security/authentication/verify_server/test_pass_without_verify.py::test_1 PASSED [ 337/1179]
2025-03-24 21:42:05.319 tests/security/authentication/verify_server/test_verify_without_pass.py::test_1 PASSED [ 338/1179]
2025-03-24 21:42:06.669 tests/security/blobs/test_Insert_select_blob_query.py::test_1 PASSED [ 339/1179]
2025-03-24 21:42:07.929 tests/security/blobs/test_insert_blob_into_table.py::test_1 PASSED [ 340/1179]
2025-03-24 21:42:10.030 tests/security/blobs/test_open_blob_after_select.py::test_1 PASSED [ 341/1179]
2025-03-24 21:42:11.334 tests/security/blobs/test_open_blob_without_select.py::test_1 PASSED [ 342/1179]
2025-03-24 21:42:12.417 tests/security/blobs/test_update_blob_in_table.py::test_1 PASSED [ 343/1179]
2025-03-24 21:42:13.607 tests/security/combineroles/delete/test_combine_grant_1.py::test_1 PASSED [ 344/1179]
2025-03-24 21:42:15.935 tests/security/combineroles/delete/test_combine_grant_2.py::test_1 PASSED [ 345/1179]
2025-03-24 21:42:17.820 tests/security/combineroles/delete/test_combine_revoke_1.py::test_1 PASSED [ 346/1179]
2025-03-24 21:42:20.575 tests/security/combineroles/delete/test_combine_revoke_2.py::test_1 PASSED [ 347/1179]
2025-03-24 21:42:22.409 tests/security/combineroles/delete/test_role_no_delete_combine.py::test_1 PASSED [ 348/1179]
2025-03-24 21:42:24.321 tests/security/combineroles/delete/test_role_yes_delete_no.py::test_1 PASSED [ 349/1179]
2025-03-24 21:42:26.193 tests/security/combineroles/delete/test_role_yes_delete_yes.py::test_1 PASSED [ 350/1179]
2025-03-24 21:42:27.965 tests/security/combineroles/delete/test_user_delete_no.py::test_1 PASSED [ 351/1179]
2025-03-24 21:42:29.872 tests/security/combineroles/delete/test_user_delete_yes.py::test_1 PASSED [ 352/1179]
2025-03-24 21:42:32.197 tests/security/combineroles/execproc/test_caller_combine_1.py::test_1 PASSED [ 353/1179]
2025-03-24 21:42:35.276 tests/security/combineroles/execproc/test_caller_combine_2.py::test_1 PASSED [ 354/1179]
2025-03-24 21:42:37.606 tests/security/combineroles/execproc/test_caller_combine_3.py::test_1 PASSED [ 355/1179]
2025-03-24 21:42:40.499 tests/security/combineroles/execproc/test_caller_combine_4.py::test_1 PASSED [ 356/1179]
2025-03-24 21:42:43.559 tests/security/combineroles/execproc/test_owner_combine_1.py::test_1 PASSED [ 357/1179]
2025-03-24 21:42:45.422 tests/security/combineroles/execproc/test_owner_combine_2.py::test_1 PASSED [ 358/1179]
2025-03-24 21:42:47.059 tests/security/combineroles/execproc/test_owner_combine_3.py::test_1 PASSED [ 359/1179]
2025-03-24 21:42:49.406 tests/security/combineroles/execproc/test_owner_combine_4.py::test_1 PASSED [ 360/1179]
2025-03-24 21:42:51.970 tests/security/combineroles/execproc/test_owner_combine_5.py::test_1 PASSED [ 361/1179]
2025-03-24 21:42:55.108 tests/security/combineroles/execproc/test_owner_exec_yes_update_selected_no.py::test_1 PASSED [ 362/1179]
2025-03-24 21:42:56.937 tests/security/combineroles/execproc/test_owner_exec_yes_update_selected_yes.py::test_1 PASSED [ 363/1179]
2025-03-24 21:42:59.861 tests/security/combineroles/execproc/test_owner_exec_yes_update_yes.py::test_1 PASSED [ 364/1179]
2025-03-24 21:43:01.682 tests/security/combineroles/insert/test_combine_roles_grant_1.py::test_1 PASSED [ 365/1179]
2025-03-24 21:43:03.431 tests/security/combineroles/insert/test_combine_roles_grant_2.py::test_1 PASSED [ 366/1179]
2025-03-24 21:43:05.485 tests/security/combineroles/insert/test_combine_roles_revoke_1.py::test_1 PASSED [ 367/1179]
2025-03-24 21:43:07.208 tests/security/combineroles/insert/test_combine_roles_revoke_2.py::test_1 PASSED [ 368/1179]
2025-03-24 21:43:09.223 tests/security/combineroles/insert/test_create_role_check.py::test_1 PASSED [ 369/1179]
2025-03-24 21:43:10.859 tests/security/combineroles/insert/test_role_no_insert_yes.py::test_1 PASSED [ 370/1179]
2025-03-24 21:43:12.312 tests/security/combineroles/insert/test_role_no_insert_yes_select_yes.py::test_1 PASSED [ 371/1179]
2025-03-24 21:43:15.070 tests/security/combineroles/insert/test_role_yes_insert_no.py::test_1 PASSED [ 372/1179]
2025-03-24 21:43:17.880 tests/security/combineroles/insert/test_role_yes_insert_no_select_no.py::test_1 PASSED [ 373/1179]
2025-03-24 21:43:20.081 tests/security/combineroles/insert/test_role_yes_insert_no_select_yes.py::test_1 PASSED [ 374/1179]
2025-03-24 21:43:21.572 tests/security/combineroles/insert/test_role_yes_insert_yes.py::test_1 PASSED [ 375/1179]
2025-03-24 21:43:23.961 tests/security/combineroles/insert/test_role_yes_insert_yes_select_no.py::test_1 PASSED [ 376/1179]
2025-03-24 21:43:25.992 tests/security/combineroles/insert/test_role_yes_insert_yes_select_yes.py::test_1 PASSED [ 377/1179]
2025-03-24 21:43:27.538 tests/security/combineroles/insert/test_user_insert_no.py::test_1 PASSED [ 378/1179]
2025-03-24 21:43:29.221 tests/security/combineroles/insert/test_user_insert_no_select_no.py::test_1 PASSED [ 379/1179]
2025-03-24 21:43:30.854 tests/security/combineroles/insert/test_user_insert_no_select_yes.py::test_1 PASSED [ 380/1179]
2025-03-24 21:43:32.077 tests/security/combineroles/insert/test_user_insert_yes.py::test_1 PASSED [ 381/1179]
2025-03-24 21:43:33.287 tests/security/combineroles/insert/test_user_insert_yes_select_no.py::test_1 PASSED [ 382/1179]
2025-03-24 21:43:34.506 tests/security/combineroles/insert/test_user_insert_yes_select_yes.py::test_1 PASSED [ 383/1179]
2025-03-24 21:43:36.053 tests/security/combineroles/role_to_role/test_cycling_three_role.py::test_1 PASSED [ 384/1179]
2025-03-24 21:43:38.112 tests/security/combineroles/role_to_role/test_cycling_two_role.py::test_1 PASSED [ 385/1179]
2025-03-24 21:43:40.576 tests/security/combineroles/role_to_role/test_double_grant.py::test_1 PASSED [ 386/1179]
2025-03-24 21:43:43.269 tests/security/combineroles/role_to_role/test_double_revoke.py::test_1 PASSED [ 387/1179]
2025-03-24 21:43:45.915 tests/security/combineroles/role_to_role/test_grant_role_per_role.py::test_1 PASSED [ 388/1179]
2025-03-24 21:43:48.367 tests/security/combineroles/role_to_role/test_revoke_role_from_role.py::test_1 PASSED [ 389/1179]
2025-03-24 21:43:50.827 tests/security/combineroles/role_to_role/test_revoke_role_per_role.py::test_1 PASSED [ 390/1179]
2025-03-24 21:43:52.880 tests/security/combineroles/select/test_combine_roles_grant_1.py::test_1 PASSED [ 391/1179]
2025-03-24 21:43:54.243 tests/security/combineroles/select/test_combine_roles_grant_2.py::test_1 PASSED [ 392/1179]
2025-03-24 21:43:56.930 tests/security/combineroles/select/test_combine_roles_revoke_1.py::test_1 PASSED [ 393/1179]
2025-03-24 21:44:01.160 tests/security/combineroles/select/test_role_no_select_all_fields_combine.py::test_1 PASSED [ 394/1179]
2025-03-24 21:44:03.105 tests/security/combineroles/select/test_role_yes_select_all_fields_no.py::test_1 PASSED [ 395/1179]
2025-03-24 21:44:04.431 tests/security/combineroles/select/test_role_yes_select_all_fields_yes.py::test_1 PASSED [ 396/1179]
2025-03-24 21:44:06.840 tests/security/combineroles/select/test_role_yes_select_selected_fields_yes.py::test_1 PASSED [ 397/1179]
2025-03-24 21:44:08.805 tests/security/combineroles/select/test_user_select_all_fields_no.py::test_1 PASSED [ 398/1179]
2025-03-24 21:44:09.899 tests/security/combineroles/select/test_user_select_all_fields_yes.py::test_1 PASSED [ 399/1179]
2025-03-24 21:44:10.978 tests/security/combineroles/select/test_user_select_selected_fields_yes.py::test_1 PASSED [ 400/1179]
2025-03-24 21:44:12.641 tests/security/combineroles/update/test_combine_roles_grant_1.py::test_1 PASSED [ 401/1179]
2025-03-24 21:44:15.631 tests/security/combineroles/update/test_combine_roles_grant_2.py::test_1 PASSED [ 402/1179]
2025-03-24 21:44:17.603 tests/security/combineroles/update/test_combine_roles_grant_3.py::test_1 PASSED [ 403/1179]
2025-03-24 21:44:19.459 tests/security/combineroles/update/test_combine_roles_grant_4.py::test_1 PASSED [ 404/1179]
2025-03-24 21:44:21.228 tests/security/combineroles/update/test_combine_roles_revoke_1.py::test_1 PASSED [ 405/1179]
2025-03-24 21:44:23.448 tests/security/combineroles/update/test_combine_roles_revoke_2.py::test_1 PASSED [ 406/1179]
2025-03-24 21:44:25.412 tests/security/combineroles/update/test_combine_roles_revoke_3.py::test_1 PASSED [ 407/1179]
2025-03-24 21:44:27.746 tests/security/combineroles/update/test_combine_roles_revoke_4.py::test_1 PASSED [ 408/1179]
2025-03-24 21:44:30.225 tests/security/combineroles/update/test_role_no_update_all_fields_combine.py::test_1 PASSED [ 409/1179]
2025-03-24 21:44:32.068 tests/security/combineroles/update/test_role_yes_update_all_fields_no.py::test_1 PASSED [ 410/1179]
2025-03-24 21:44:34.508 tests/security/combineroles/update/test_role_yes_update_all_fields_yes.py::test_1 PASSED [ 411/1179]
2025-03-24 21:44:36.103 tests/security/combineroles/update/test_role_yes_update_selected_fields_no.py::test_1 PASSED [ 412/1179]
2025-03-24 21:44:38.255 tests/security/combineroles/update/test_role_yes_update_selected_fields_yes.py::test_1 PASSED [ 413/1179]
2025-03-24 21:44:39.840 tests/security/combineroles/update/test_user_update_all_fields_no.py::test_1 PASSED [ 414/1179]
2025-03-24 21:44:41.981 tests/security/combineroles/update/test_user_update_all_fields_yes.py::test_1 PASSED [ 415/1179]
2025-03-24 21:44:44.616 tests/security/combineroles/update/test_user_update_selected_fields_no.py::test_1 PASSED [ 416/1179]
2025-03-24 21:44:46.765 tests/security/combineroles/update/test_user_update_selected_fields_yes.py::test_1 PASSED [ 417/1179]
2025-03-24 21:44:48.177 tests/security/ddl_access/character_set/test_alter_aftergrant.py::test_1 PASSED [ 418/1179]
2025-03-24 21:44:51.757 tests/security/ddl_access/character_set/test_alter_afterrevoke.py::test_1 PASSED [ 419/1179]
2025-03-24 21:44:53.952 tests/security/ddl_access/character_set/test_alter_withoutgrant.py::test_1 PASSED [ 420/1179]
2025-03-24 21:44:57.066 tests/security/ddl_access/character_set/test_wgo_alter_aftergrant.py::test_1 PASSED [ 421/1179]
2025-03-24 21:45:04.977 tests/security/ddl_access/character_set/test_wgo_alter_afterrevoke.py::test_1 PASSED [ 422/1179]
2025-03-24 21:45:08.932 tests/security/ddl_access/character_set/test_wgo_alter_afterrevokenotadmin.py::test_1 PASSED [ 423/1179]
2025-03-24 21:45:15.362 tests/security/ddl_access/character_set/test_wgo_alter_withoutgrant.py::test_1 PASSED [ 424/1179]
2025-03-24 21:45:19.863 tests/security/ddl_access/collation/test_alter_aftergrant.py::test_1 PASSED [ 425/1179]
2025-03-24 21:45:22.179 tests/security/ddl_access/collation/test_alter_afterrevoke.py::test_1 PASSED [ 426/1179]
2025-03-24 21:45:25.649 tests/security/ddl_access/collation/test_alter_mine.py::test_1 PASSED [ 427/1179]
2025-03-24 21:45:28.861 tests/security/ddl_access/collation/test_alter_withoutgrant.py::test_1 PASSED [ 428/1179]
2025-03-24 21:45:31.021 tests/security/ddl_access/collation/test_create_aftergrant.py::test_1 PASSED [ 429/1179]
2025-03-24 21:45:33.095 tests/security/ddl_access/collation/test_create_afterrevoke.py::test_1 PASSED [ 430/1179]
2025-03-24 21:45:35.392 tests/security/ddl_access/collation/test_create_withoutgrant.py::test_1 PASSED [ 431/1179]
2025-03-24 21:45:37.498 tests/security/ddl_access/collation/test_drop_aftergrant.py::test_1 PASSED [ 432/1179]
2025-03-24 21:45:39.979 tests/security/ddl_access/collation/test_drop_afterrevoke.py::test_1 PASSED [ 433/1179]
2025-03-24 21:45:42.023 tests/security/ddl_access/collation/test_drop_mine.py::test_1 PASSED [ 434/1179]
2025-03-24 21:45:44.970 tests/security/ddl_access/collation/test_drop_withoutgrant.py::test_1 PASSED [ 435/1179]
2025-03-24 21:45:47.032 tests/security/ddl_access/collation/test_wgo_alter_aftergrant.py::test_1 PASSED [ 436/1179]
2025-03-24 21:45:52.539 tests/security/ddl_access/collation/test_wgo_alter_afterrevoke.py::test_1 PASSED [ 437/1179]
2025-03-24 21:45:56.094 tests/security/ddl_access/collation/test_wgo_alter_afterrevokenotadmin.py::test_1 PASSED [ 438/1179]
2025-03-24 21:46:02.581 tests/security/ddl_access/collation/test_wgo_alter_withoutgrant.py::test_1 PASSED [ 439/1179]
2025-03-24 21:46:06.099 tests/security/ddl_access/collation/test_wgo_create_aftergrant.py::test_1 PASSED [ 440/1179]
2025-03-24 21:46:12.082 tests/security/ddl_access/collation/test_wgo_create_afterrevoke.py::test_1 PASSED [ 441/1179]
2025-03-24 21:46:15.968 tests/security/ddl_access/collation/test_wgo_create_afterrevokenotadmin.py::test_1 PASSED [ 442/1179]
2025-03-24 21:47:04.188 tests/security/ddl_access/collation/test_wgo_create_withoutgrant.py::test_1 PASSED [ 443/1179]
2025-03-24 21:47:07.726 tests/security/ddl_access/collation/test_wgo_drop_aftergrant.py::test_1 PASSED [ 444/1179]
2025-03-24 21:47:13.860 tests/security/ddl_access/collation/test_wgo_drop_afterrevoke.py::test_1 PASSED [ 445/1179]
2025-03-24 21:47:18.349 tests/security/ddl_access/collation/test_wgo_drop_afterrevokenotadmin.py::test_1 PASSED [ 446/1179]
2025-03-24 21:47:26.658 tests/security/ddl_access/collation/test_wgo_drop_withoutgrant.py::test_1 PASSED [ 447/1179]
2025-03-24 21:47:31.113 tests/security/ddl_access/database/test_alter_aftergrant.py::test_1 PASSED [ 448/1179]
2025-03-24 21:47:33.496 tests/security/ddl_access/database/test_alter_afterrevoke.py::test_1 PASSED [ 449/1179]
2025-03-24 21:47:35.651 tests/security/ddl_access/database/test_alter_and_drop_mine.py::test_1 PASSED [ 450/1179]
2025-03-24 21:47:37.684 tests/security/ddl_access/database/test_alter_withoutgrant.py::test_1 PASSED [ 451/1179]
2025-03-24 21:47:39.739 tests/security/ddl_access/database/test_create_aftergrant.py::test_1 PASSED [ 452/1179]
2025-03-24 21:47:40.771 tests/security/ddl_access/database/test_create_afterrevoke.py::test_1 PASSED [ 453/1179]
2025-03-24 21:47:42.365 tests/security/ddl_access/database/test_create_withoutgrant.py::test_1 PASSED [ 454/1179]
2025-03-24 21:47:43.684 tests/security/ddl_access/database/test_drop_aftergrant.py::test_1 PASSED [ 455/1179]
2025-03-24 21:47:46.309 tests/security/ddl_access/database/test_drop_afterrevoke.py::test_1 PASSED [ 456/1179]
2025-03-24 21:47:55.244 tests/security/ddl_access/database/test_drop_withoutgrant.py::test_1 PASSED [ 457/1179]
2025-03-24 21:48:08.459 tests/security/ddl_access/database/test_wgo_alter_aftergrant.py::test_1 PASSED [ 458/1179]
2025-03-24 21:48:15.606 tests/security/ddl_access/database/test_wgo_alter_afterrevoke.py::test_1 PASSED [ 459/1179]
2025-03-24 21:48:50.135 tests/security/ddl_access/database/test_wgo_alter_afterrevokenotadmin.py::test_1 PASSED [ 460/1179]
2025-03-24 21:49:02.718 tests/security/ddl_access/database/test_wgo_alter_withoutgrant.py::test_1 PASSED [ 461/1179]
2025-03-24 21:49:08.832 tests/security/ddl_access/database/test_wgo_drop_aftergrant.py::test_1 PASSED [ 462/1179]
2025-03-24 21:49:15.694 tests/security/ddl_access/database/test_wgo_drop_afterrevoke.py::test_1 PASSED [ 463/1179]
2025-03-24 21:49:20.559 tests/security/ddl_access/database/test_wgo_drop_afterrevokenotadmin.py::test_1 PASSED [ 464/1179]
2025-03-24 21:49:29.821 tests/security/ddl_access/database/test_wgo_drop_withoutgrant.py::test_1 PASSED [ 465/1179]
2025-03-24 21:49:38.251 tests/security/ddl_access/domain/test_alter_aftergrant.py::test_1 PASSED [ 466/1179]
2025-03-24 21:49:44.559 tests/security/ddl_access/domain/test_alter_afterrevoke.py::test_1 PASSED [ 467/1179]
2025-03-24 21:49:48.180 tests/security/ddl_access/domain/test_alter_mine.py::test_1 PASSED [ 468/1179]
2025-03-24 21:49:50.475 tests/security/ddl_access/domain/test_alter_withoutgrant.py::test_1 PASSED [ 469/1179]
2025-03-24 21:49:53.612 tests/security/ddl_access/domain/test_create_aftergrant.py::test_1 PASSED [ 470/1179]
2025-03-24 21:49:58.517 tests/security/ddl_access/domain/test_create_afterrevoke.py::test_1 PASSED [ 471/1179]
2025-03-24 21:50:06.447 tests/security/ddl_access/domain/test_create_withoutgrant.py::test_1 PASSED [ 472/1179]
2025-03-24 21:50:12.911 tests/security/ddl_access/domain/test_drop_aftergrant.py::test_1 PASSED [ 473/1179]
2025-03-24 21:50:15.810 tests/security/ddl_access/domain/test_drop_afterrevoke.py::test_1 PASSED [ 474/1179]
2025-03-24 21:50:17.799 tests/security/ddl_access/domain/test_drop_mine.py::test_1 PASSED [ 475/1179]
2025-03-24 21:50:20.759 tests/security/ddl_access/domain/test_drop_withoutgrant.py::test_1 PASSED [ 476/1179]
2025-03-24 21:50:22.775 tests/security/ddl_access/domain/test_wgo_alter_aftergrant.py::test_1 PASSED [ 477/1179]
2025-03-24 21:50:29.962 tests/security/ddl_access/domain/test_wgo_alter_afterrevoke.py::test_1 PASSED [ 478/1179]
2025-03-24 21:50:33.505 tests/security/ddl_access/domain/test_wgo_alter_afterrevokenotadmin.py::test_1 PASSED [ 479/1179]
2025-03-24 21:50:39.917 tests/security/ddl_access/domain/test_wgo_alter_withoutgrant.py::test_1 PASSED [ 480/1179]
2025-03-24 21:50:43.536 tests/security/ddl_access/domain/test_wgo_create_aftergrant.py::test_1 PASSED [ 481/1179]
2025-03-24 21:50:48.932 tests/security/ddl_access/domain/test_wgo_create_afterrevoke.py::test_1 PASSED [ 482/1179]
2025-03-24 21:50:53.240 tests/security/ddl_access/domain/test_wgo_create_afterrevokenotadmin.py::test_1 PASSED [ 483/1179]
2025-03-24 21:51:01.968 tests/security/ddl_access/domain/test_wgo_create_withoutgrant.py::test_1 PASSED [ 484/1179]
2025-03-24 21:51:05.804 tests/security/ddl_access/domain/test_wgo_drop_aftergrant.py::test_1 PASSED [ 485/1179]
2025-03-24 21:51:10.117 tests/security/ddl_access/domain/test_wgo_drop_afterrevoke.py::test_1 PASSED [ 486/1179]
2025-03-24 21:51:13.926 tests/security/ddl_access/domain/test_wgo_drop_afterrevokenotadmin.py::test_1 PASSED [ 487/1179]
2025-03-24 21:51:20.213 tests/security/ddl_access/domain/test_wgo_drop_withoutgrant.py::test_1 PASSED [ 488/1179]
2025-03-24 21:51:24.283 tests/security/ddl_access/exception/test_alter_aftergrant.py::test_1 PASSED [ 489/1179]
2025-03-24 21:51:26.306 tests/security/ddl_access/exception/test_alter_afterrevoke.py::test_1 PASSED [ 490/1179]
2025-03-24 21:51:29.223 tests/security/ddl_access/exception/test_alter_mine.py::test_1 PASSED [ 491/1179]
2025-03-24 21:51:31.541 tests/security/ddl_access/exception/test_alter_withoutgrant.py::test_1 PASSED [ 492/1179]
2025-03-24 21:51:33.718 tests/security/ddl_access/exception/test_create_aftergrant.py::test_1 PASSED [ 493/1179]
2025-03-24 21:51:35.808 tests/security/ddl_access/exception/test_create_afterrevoke.py::test_1 PASSED [ 494/1179]
2025-03-24 21:51:38.740 tests/security/ddl_access/exception/test_create_or_alter_exist_aftergrant.py::test_1 PASSED [ 495/1179]
2025-03-24 21:51:40.705 tests/security/ddl_access/exception/test_create_or_alter_exist_aftergrantcreate.py::test_1 PASSED [ 496/1179]
2025-03-24 21:51:42.651 tests/security/ddl_access/exception/test_create_or_alter_exist_afterrevoke.py::test_1 PASSED [ 497/1179]
2025-03-24 21:51:44.974 tests/security/ddl_access/exception/test_create_or_alter_exist_withoutgrant.py::test_1 PASSED [ 498/1179]
2025-03-24 21:51:46.929 tests/security/ddl_access/exception/test_create_or_alter_new_aftergrant.py::test_1 PASSED [ 499/1179]
2025-03-24 21:51:50.229 tests/security/ddl_access/exception/test_create_or_alter_new_aftergrantalterany.py::test_1 PASSED [ 500/1179]
2025-03-24 21:51:52.212 tests/security/ddl_access/exception/test_create_or_alter_new_afterrevoke.py::test_1 PASSED [ 501/1179]
2025-03-24 21:51:54.930 tests/security/ddl_access/exception/test_create_or_alter_new_withoutgrant.py::test_1 PASSED [ 502/1179]
2025-03-24 21:51:56.993 tests/security/ddl_access/exception/test_create_withoutgrant.py::test_1 PASSED [ 503/1179]
2025-03-24 21:52:00.163 tests/security/ddl_access/exception/test_drop_aftergrant.py::test_1 PASSED [ 504/1179]
2025-03-24 21:52:02.158 tests/security/ddl_access/exception/test_drop_afterrevoke.py::test_1 PASSED [ 505/1179]
2025-03-24 21:52:04.203 tests/security/ddl_access/exception/test_drop_mine.py::test_1 PASSED [ 506/1179]
2025-03-24 21:52:06.517 tests/security/ddl_access/exception/test_drop_withoutgrant.py::test_1 PASSED [ 507/1179]
2025-03-24 21:52:09.093 tests/security/ddl_access/exception/test_wgo_alter_aftergrant.py::test_1 PASSED [ 508/1179]
2025-03-24 21:52:14.869 tests/security/ddl_access/exception/test_wgo_alter_afterrevoke.py::test_1 PASSED [ 509/1179]
2025-03-24 21:52:18.810 tests/security/ddl_access/exception/test_wgo_alter_afterrevokenotadmin.py::test_1 PASSED [ 510/1179]
2025-03-24 21:52:25.197 tests/security/ddl_access/exception/test_wgo_alter_withoutgrant.py::test_1 PASSED [ 511/1179]
2025-03-24 21:52:29.118 tests/security/ddl_access/exception/test_wgo_create_aftergrant.py::test_1 PASSED [ 512/1179]
2025-03-24 21:52:35.524 tests/security/ddl_access/exception/test_wgo_create_afterrevoke.py::test_1 PASSED [ 513/1179]
2025-03-24 21:52:41.103 tests/security/ddl_access/exception/test_wgo_create_afterrevokenotadmin.py::test_1 PASSED [ 514/1179]
2025-03-24 21:52:47.505 tests/security/ddl_access/exception/test_wgo_create_withoutgrant.py::test_1 PASSED [ 515/1179]
2025-03-24 21:52:51.445 tests/security/ddl_access/exception/test_wgo_drop_aftergrant.py::test_1 PASSED [ 516/1179]
2025-03-24 21:52:57.777 tests/security/ddl_access/exception/test_wgo_drop_afterrevoke.py::test_1 PASSED [ 517/1179]
2025-03-24 21:53:02.153 tests/security/ddl_access/exception/test_wgo_drop_afterrevokenotadmin.py::test_1 PASSED [ 518/1179]
2025-03-24 21:53:08.438 tests/security/ddl_access/exception/test_wgo_drop_withoutgrant.py::test_1 PASSED [ 519/1179]
2025-03-24 21:53:12.191 tests/security/ddl_access/filter/test_alter_aftergrant.py::test_1 PASSED [ 520/1179]
2025-03-24 21:53:14.951 tests/security/ddl_access/filter/test_alter_afterrevoke.py::test_1 PASSED [ 521/1179]
2025-03-24 21:53:16.933 tests/security/ddl_access/filter/test_alter_mine.py::test_1 PASSED [ 522/1179]
2025-03-24 21:53:19.925 tests/security/ddl_access/filter/test_alter_withoutgrant.py::test_1 PASSED [ 523/1179]
2025-03-24 21:53:22.404 tests/security/ddl_access/filter/test_create_aftergrant.py::test_1 PASSED [ 524/1179]
2025-03-24 21:53:24.757 tests/security/ddl_access/filter/test_create_afterrevoke.py::test_1 PASSED [ 525/1179]
2025-03-24 21:53:26.741 tests/security/ddl_access/filter/test_create_withoutgrant.py::test_1 PASSED [ 526/1179]
2025-03-24 21:53:28.680 tests/security/ddl_access/filter/test_drop_aftergrant.py::test_1 PASSED [ 527/1179]
2025-03-24 21:53:30.669 tests/security/ddl_access/filter/test_drop_afterrevoke.py::test_1 PASSED [ 528/1179]
2025-03-24 21:53:32.637 tests/security/ddl_access/filter/test_drop_mine.py::test_1 PASSED [ 529/1179]
2025-03-24 21:53:34.838 tests/security/ddl_access/filter/test_drop_withoutgrant.py::test_1 PASSED [ 530/1179]
2025-03-24 21:53:36.817 tests/security/ddl_access/filter/test_wgo_alter_aftergrant.py::test_1 PASSED [ 531/1179]
2025-03-24 21:53:42.111 tests/security/ddl_access/filter/test_wgo_alter_afterrevoke.py::test_1 PASSED [ 532/1179]
2025-03-24 21:53:45.709 tests/security/ddl_access/filter/test_wgo_alter_afterrevokenotadmin.py::test_1 PASSED [ 533/1179]
2025-03-24 21:53:51.591 tests/security/ddl_access/filter/test_wgo_alter_withoutgrant.py::test_1 PASSED [ 534/1179]
2025-03-24 21:53:55.119 tests/security/ddl_access/filter/test_wgo_create_aftergrant.py::test_1 PASSED [ 535/1179]
2025-03-24 21:54:00.488 tests/security/ddl_access/filter/test_wgo_create_afterrevoke.py::test_1 PASSED [ 536/1179]
2025-03-24 21:54:03.983 tests/security/ddl_access/filter/test_wgo_create_afterrevokenotadmin.py::test_1 PASSED [ 537/1179]
2025-03-24 21:54:09.968 tests/security/ddl_access/filter/test_wgo_create_withoutgrant.py::test_1 PASSED [ 538/1179]
2025-03-24 21:54:13.613 tests/security/ddl_access/filter/test_wgo_drop_aftergrant.py::test_1 PASSED [ 539/1179]
2025-03-24 21:54:18.939 tests/security/ddl_access/filter/test_wgo_drop_afterrevoke.py::test_1 PASSED [ 540/1179]
2025-03-24 21:54:22.866 tests/security/ddl_access/filter/test_wgo_drop_afterrevokenotadmin.py::test_1 PASSED [ 541/1179]
2025-03-24 21:54:28.956 tests/security/ddl_access/filter/test_wgo_drop_withoutgrant.py::test_1 PASSED [ 542/1179]
2025-03-24 21:54:32.507 tests/security/ddl_access/function/test_alter_aftergrant.py::test_1 PASSED [ 543/1179]
2025-03-24 21:54:34.509 tests/security/ddl_access/function/test_alter_afterrevoke.py::test_1 PASSED [ 544/1179]
2025-03-24 21:54:36.473 tests/security/ddl_access/function/test_alter_mine.py::test_1 PASSED [ 545/1179]
2025-03-24 21:54:38.770 tests/security/ddl_access/function/test_alter_withoutgrant.py::test_1 PASSED [ 546/1179]
2025-03-24 21:54:40.803 tests/security/ddl_access/function/test_create_aftergrant.py::test_1 PASSED [ 547/1179]
2025-03-24 21:54:42.846 tests/security/ddl_access/function/test_create_afterrevoke.py::test_1 PASSED [ 548/1179]
2025-03-24 21:54:44.973 tests/security/ddl_access/function/test_create_or_alter_exist_aftergrant.py::test_1 PASSED [ 549/1179]
2025-03-24 21:54:46.973 tests/security/ddl_access/function/test_create_or_alter_exist_aftergrantcreate.py::test_1 PASSED [ 550/1179]
2025-03-24 21:54:49.025 tests/security/ddl_access/function/test_create_or_alter_exist_afterrevoke.py::test_1 PASSED [ 551/1179]
2025-03-24 21:54:51.002 tests/security/ddl_access/function/test_create_or_alter_exist_withoutgrant.py::test_1 PASSED [ 552/1179]
2025-03-24 21:54:53.002 tests/security/ddl_access/function/test_create_or_alter_new_aftergrant.py::test_1 PASSED [ 553/1179]
2025-03-24 21:54:54.989 tests/security/ddl_access/function/test_create_or_alter_new_aftergrantalterany.py::test_1 PASSED [ 554/1179]
2025-03-24 21:54:56.944 tests/security/ddl_access/function/test_create_or_alter_new_afterrevoke.py::test_1 PASSED [ 555/1179]
2025-03-24 21:54:58.905 tests/security/ddl_access/function/test_create_or_alter_new_withoutgrant.py::test_1 PASSED [ 556/1179]
2025-03-24 21:55:00.872 tests/security/ddl_access/function/test_create_withoutgrant.py::test_1 PASSED [ 557/1179]
2025-03-24 21:55:02.791 tests/security/ddl_access/function/test_drop_aftergrant.py::test_1 PASSED [ 558/1179]
2025-03-24 21:55:04.794 tests/security/ddl_access/function/test_drop_afterrevoke.py::test_1 PASSED [ 559/1179]
2025-03-24 21:55:06.795 tests/security/ddl_access/function/test_drop_mine.py::test_1 PASSED [ 560/1179]
2025-03-24 21:55:09.135 tests/security/ddl_access/function/test_drop_withoutgrant.py::test_1 PASSED [ 561/1179]
2025-03-24 21:55:11.151 tests/security/ddl_access/function/test_wgo_alter_aftergrant.py::test_1 PASSED [ 562/1179]
2025-03-24 21:55:16.551 tests/security/ddl_access/function/test_wgo_alter_afterrevoke.py::test_1 PASSED [ 563/1179]
2025-03-24 21:55:20.047 tests/security/ddl_access/function/test_wgo_alter_afterrevokenotadmin.py::test_1 PASSED [ 564/1179]
2025-03-24 21:55:25.993 tests/security/ddl_access/function/test_wgo_alter_withoutgrant.py::test_1 PASSED [ 565/1179]
2025-03-24 21:55:29.555 tests/security/ddl_access/function/test_wgo_create_aftergrant.py::test_1 PASSED [ 566/1179]
2025-03-24 21:55:35.556 tests/security/ddl_access/function/test_wgo_create_afterrevoke.py::test_1 PASSED [ 567/1179]
2025-03-24 21:55:39.201 tests/security/ddl_access/function/test_wgo_create_afterrevokenotadmin.py::test_1 PASSED [ 568/1179]
2025-03-24 21:55:45.247 tests/security/ddl_access/function/test_wgo_create_withoutgrant.py::test_1 PASSED [ 569/1179]
2025-03-24 21:55:48.822 tests/security/ddl_access/function/test_wgo_drop_aftergrant.py::test_1 PASSED [ 570/1179]
2025-03-24 21:55:54.290 tests/security/ddl_access/function/test_wgo_drop_afterrevoke.py::test_1 PASSED [ 571/1179]
2025-03-24 21:55:57.924 tests/security/ddl_access/function/test_wgo_drop_afterrevokenotadmin.py::test_1 PASSED [ 572/1179]
2025-03-24 21:56:03.969 tests/security/ddl_access/function/test_wgo_drop_withoutgrant.py::test_1 PASSED [ 573/1179]
2025-03-24 21:56:07.630 tests/security/ddl_access/generator/test_alter_aftergrant.py::test_1 PASSED [ 574/1179]
2025-03-24 21:56:09.649 tests/security/ddl_access/generator/test_alter_afterrevoke.py::test_1 PASSED [ 575/1179]
2025-03-24 21:56:11.858 tests/security/ddl_access/generator/test_alter_mine.py::test_1 PASSED [ 576/1179]
2025-03-24 21:56:14.137 tests/security/ddl_access/generator/test_alter_withoutgrant.py::test_1 PASSED [ 577/1179]
2025-03-24 21:56:16.272 tests/security/ddl_access/generator/test_create_aftergrant.py::test_1 PASSED [ 578/1179]
2025-03-24 21:56:18.257 tests/security/ddl_access/generator/test_create_afterrevoke.py::test_1 PASSED [ 579/1179]
2025-03-24 21:56:20.301 tests/security/ddl_access/generator/test_create_or_alter_exist_aftergrant.py::test_1 PASSED [ 580/1179]
2025-03-24 21:56:22.304 tests/security/ddl_access/generator/test_create_or_alter_exist_aftergrantcreate.py::test_1 PASSED [ 581/1179]
2025-03-24 21:56:24.353 tests/security/ddl_access/generator/test_create_or_alter_exist_afterrevoke.py::test_1 PASSED [ 582/1179]
2025-03-24 21:56:26.439 tests/security/ddl_access/generator/test_create_or_alter_exist_withoutgrant.py::test_1 PASSED [ 583/1179]
2025-03-24 21:56:28.767 tests/security/ddl_access/generator/test_create_or_alter_new_aftergrant.py::test_1 PASSED [ 584/1179]
2025-03-24 21:56:30.807 tests/security/ddl_access/generator/test_create_or_alter_new_aftergrantalterany.py::test_1 PASSED [ 585/1179]
2025-03-24 21:56:32.901 tests/security/ddl_access/generator/test_create_or_alter_new_afterrevoke.py::test_1 PASSED [ 586/1179]
2025-03-24 21:56:34.941 tests/security/ddl_access/generator/test_create_or_alter_new_withoutgrant.py::test_1 PASSED [ 587/1179]
2025-03-24 21:56:36.931 tests/security/ddl_access/generator/test_create_withoutgrant.py::test_1 PASSED [ 588/1179]
2025-03-24 21:56:39.017 tests/security/ddl_access/generator/test_drop_aftergrant.py::test_1 PASSED [ 589/1179]
2025-03-24 21:56:43.322 tests/security/ddl_access/generator/test_drop_afterrevoke.py::test_1 PASSED [ 590/1179]
2025-03-24 21:56:45.520 tests/security/ddl_access/generator/test_drop_mine.py::test_1 PASSED [ 591/1179]
2025-03-24 21:56:48.100 tests/security/ddl_access/generator/test_drop_withoutgrant.py::test_1 PASSED [ 592/1179]
2025-03-24 21:56:50.075 tests/security/ddl_access/generator/test_wgo_alter_aftergrant.py::test_1 PASSED [ 593/1179]
2025-03-24 21:56:55.620 tests/security/ddl_access/generator/test_wgo_alter_afterrevoke.py::test_1 PASSED [ 594/1179]
2025-03-24 21:56:59.243 tests/security/ddl_access/generator/test_wgo_alter_afterrevokenotadmin.py::test_1 PASSED [ 595/1179]
2025-03-24 21:57:05.527 tests/security/ddl_access/generator/test_wgo_alter_withoutgrant.py::test_1 PASSED [ 596/1179]
2025-03-24 21:57:09.557 tests/security/ddl_access/generator/test_wgo_create_aftergrant.py::test_1 PASSED [ 597/1179]
2025-03-24 21:57:15.997 tests/security/ddl_access/generator/test_wgo_create_afterrevoke.py::test_1 PASSED [ 598/1179]
2025-03-24 21:57:19.946 tests/security/ddl_access/generator/test_wgo_create_afterrevokenotadmin.py::test_1 PASSED [ 599/1179]
2025-03-24 21:57:27.926 tests/security/ddl_access/generator/test_wgo_create_withoutgrant.py::test_1 PASSED [ 600/1179]
2025-03-24 21:57:32.028 tests/security/ddl_access/generator/test_wgo_drop_aftergrant.py::test_1 PASSED [ 601/1179]
2025-03-24 21:57:39.935 tests/security/ddl_access/generator/test_wgo_drop_afterrevoke.py::test_1 PASSED [ 602/1179]
2025-03-24 21:57:43.992 tests/security/ddl_access/generator/test_wgo_drop_afterrevokenotadmin.py::test_1 PASSED [ 603/1179]
2025-03-24 21:57:50.484 tests/security/ddl_access/generator/test_wgo_drop_withoutgrant.py::test_1 PASSED [ 604/1179]
2025-03-24 21:57:54.805 tests/security/ddl_access/index/test_alter_aftergrant.py::test_1 PASSED [ 605/1179]
2025-03-24 21:57:57.376 tests/security/ddl_access/index/test_alter_afterrevoke.py::test_1 PASSED [ 606/1179]
2025-03-24 21:57:59.709 tests/security/ddl_access/index/test_alter_mine.py::test_1 PASSED [ 607/1179]
2025-03-24 21:58:03.137 tests/security/ddl_access/index/test_alter_withoutgrant.py::test_1 PASSED [ 608/1179]
2025-03-24 21:58:05.870 tests/security/ddl_access/index/test_create_aftergrant.py::test_1 PASSED [ 609/1179]
2025-03-24 21:58:07.909 tests/security/ddl_access/index/test_create_afterrevoke.py::test_1 PASSED [ 610/1179]
2025-03-24 21:58:10.591 tests/security/ddl_access/index/test_create_withoutgrant.py::test_1 PASSED [ 611/1179]
2025-03-24 21:58:12.961 tests/security/ddl_access/index/test_drop_aftergrant.py::test_1 PASSED [ 612/1179]
2025-03-24 21:58:15.496 tests/security/ddl_access/index/test_drop_afterrevoke.py::test_1 PASSED [ 613/1179]
2025-03-24 21:58:17.909 tests/security/ddl_access/index/test_drop_mine.py::test_1 PASSED [ 614/1179]
2025-03-24 21:58:21.840 tests/security/ddl_access/index/test_drop_withoutgrant.py::test_1 PASSED [ 615/1179]
2025-03-24 21:58:23.837 tests/security/ddl_access/index/test_wgo_alter_aftergrant.py::test_1 PASSED [ 616/1179]
2025-03-24 21:58:29.942 tests/security/ddl_access/index/test_wgo_alter_afterrevoke.py::test_1 PASSED [ 617/1179]
2025-03-24 21:58:39.259 tests/security/ddl_access/index/test_wgo_alter_afterrevokenotadmin.py::test_1 PASSED [ 618/1179]
2025-03-24 21:58:50.024 tests/security/ddl_access/index/test_wgo_alter_withoutgrant.py::test_1 PASSED [ 619/1179]
2025-03-24 21:58:55.899 tests/security/ddl_access/index/test_wgo_create_aftergrant.py::test_1 PASSED [ 620/1179]
2025-03-24 21:59:13.853 tests/security/ddl_access/index/test_wgo_create_afterrevoke.py::test_1 PASSED [ 621/1179]
2025-03-24 22:00:56.803 tests/security/ddl_access/index/test_wgo_create_afterrevokenotadmin.py::test_1 PASSED [ 622/1179]
2025-03-24 22:01:27.882 tests/security/ddl_access/index/test_wgo_create_withoutgrant.py::test_1 PASSED [ 623/1179]
2025-03-24 22:02:46.926 tests/security/ddl_access/index/test_wgo_drop_aftergrant.py::test_1 PASSED [ 624/1179]
2025-03-24 22:02:54.121 tests/security/ddl_access/index/test_wgo_drop_afterrevoke.py::test_1 PASSED [ 625/1179]
2025-03-24 22:02:58.305 tests/security/ddl_access/index/test_wgo_drop_afterrevokenotadmin.py::test_1 PASSED [ 626/1179]
2025-03-24 22:03:04.755 tests/security/ddl_access/index/test_wgo_drop_withoutgrant.py::test_1 PASSED [ 627/1179]
2025-03-24 22:03:09.150 tests/security/ddl_access/job/test_alter_withoutgrant.py::test_1 PASSED [ 628/1179]
2025-03-24 22:03:21.031 tests/security/ddl_access/job/test_create_aftergrant.py::test_1 PASSED [ 629/1179]
2025-03-24 22:03:38.285 tests/security/ddl_access/job/test_create_afterrevoke.py::test_1 PASSED [ 630/1179]
2025-03-24 22:03:40.338 tests/security/ddl_access/job/test_create_withoutgrant.py::test_1 PASSED [ 631/1179]
2025-03-24 22:03:43.128 tests/security/ddl_access/job/test_drop_withoutgrant.py::test_1 PASSED [ 632/1179]
2025-03-24 22:03:48.252 tests/security/ddl_access/job/test_wgo_create_aftergrant.py::test_1 PASSED [ 633/1179]
2025-03-24 22:03:53.802 tests/security/ddl_access/package/test_alter_aftergrant.py::test_1 PASSED [ 634/1179]
2025-03-24 22:03:55.995 tests/security/ddl_access/package/test_alter_afterrevoke.py::test_1 PASSED [ 635/1179]
2025-03-24 22:03:57.949 tests/security/ddl_access/package/test_alter_mine.py::test_1 PASSED [ 636/1179]
2025-03-24 22:04:00.559 tests/security/ddl_access/package/test_alter_withoutgrant.py::test_1 PASSED [ 637/1179]
2025-03-24 22:04:02.504 tests/security/ddl_access/package/test_create_aftergrant.py::test_1 PASSED [ 638/1179]
2025-03-24 22:04:04.508 tests/security/ddl_access/package/test_create_afterrevoke.py::test_1 PASSED [ 639/1179]
2025-03-24 22:04:07.310 tests/security/ddl_access/package/test_create_or_alter_exist_aftergrant.py::test_1 PASSED [ 640/1179]
2025-03-24 22:04:09.192 tests/security/ddl_access/package/test_create_or_alter_exist_aftergrantcreate.py::test_1 PASSED [ 641/1179]
2025-03-24 22:04:11.400 tests/security/ddl_access/package/test_create_or_alter_exist_afterrevoke.py::test_1 PASSED [ 642/1179]
2025-03-24 22:04:13.336 tests/security/ddl_access/package/test_create_or_alter_exist_withoutgrant.py::test_1 PASSED [ 643/1179]
2025-03-24 22:04:15.236 tests/security/ddl_access/package/test_create_or_alter_new_aftergrant.py::test_1 PASSED [ 644/1179]
2025-03-24 22:04:17.104 tests/security/ddl_access/package/test_create_or_alter_new_aftergrantalterany.py::test_1 PASSED [ 645/1179]
2025-03-24 22:04:19.040 tests/security/ddl_access/package/test_create_or_alter_new_afterrevoke.py::test_1 PASSED [ 646/1179]
2025-03-24 22:04:21.647 tests/security/ddl_access/package/test_create_or_alter_new_withoutgrant.py::test_1 PASSED [ 647/1179]
2025-03-24 22:04:23.559 tests/security/ddl_access/package/test_create_withoutgrant.py::test_1 PASSED [ 648/1179]
2025-03-24 22:04:25.523 tests/security/ddl_access/package/test_drop_aftergrant.py::test_1 PASSED [ 649/1179]
2025-03-24 22:04:27.411 tests/security/ddl_access/package/test_drop_afterrevoke.py::test_1 PASSED [ 650/1179]
2025-03-24 22:04:29.349 tests/security/ddl_access/package/test_drop_mine.py::test_1 PASSED [ 651/1179]
2025-03-24 22:04:32.111 tests/security/ddl_access/package/test_drop_withoutgrant.py::test_1 PASSED [ 652/1179]
2025-03-24 22:04:34.037 tests/security/ddl_access/package/test_wgo_alter_aftergrant.py::test_1 PASSED [ 653/1179]
2025-03-24 22:04:40.367 tests/security/ddl_access/package/test_wgo_alter_afterrevoke.py::test_1 PASSED [ 654/1179]
2025-03-24 22:04:43.986 tests/security/ddl_access/package/test_wgo_alter_afterrevokenotadmin.py::test_1 PASSED [ 655/1179]
2025-03-24 22:04:50.135 tests/security/ddl_access/package/test_wgo_alter_withoutgrant.py::test_1 PASSED [ 656/1179]
2025-03-24 22:04:53.574 tests/security/ddl_access/package/test_wgo_create_aftergrant.py::test_1 PASSED [ 657/1179]
2025-03-24 22:04:58.836 tests/security/ddl_access/package/test_wgo_create_afterrevoke.py::test_1 PASSED [ 658/1179]
2025-03-24 22:05:02.267 tests/security/ddl_access/package/test_wgo_create_afterrevokenotadmin.py::test_1 PASSED [ 659/1179]
2025-03-24 22:05:08.652 tests/security/ddl_access/package/test_wgo_create_withoutgrant.py::test_1 PASSED [ 660/1179]
2025-03-24 22:05:12.501 tests/security/ddl_access/package/test_wgo_drop_aftergrant.py::test_1 PASSED [ 661/1179]
2025-03-24 22:05:18.662 tests/security/ddl_access/package/test_wgo_drop_afterrevoke.py::test_1 PASSED [ 662/1179]
2025-03-24 22:05:22.904 tests/security/ddl_access/package/test_wgo_drop_afterrevokenotadmin.py::test_1 PASSED [ 663/1179]
2025-03-24 22:05:28.906 tests/security/ddl_access/package/test_wgo_drop_withoutgrant.py::test_1 PASSED [ 664/1179]
2025-03-24 22:05:32.798 tests/security/ddl_access/policy/test_alter_aftergrantadmin.py::test_1 PASSED [ 665/1179]
2025-03-24 22:05:34.615 tests/security/ddl_access/policy/test_alter_afterrevokeadmin.py::test_1 PASSED [ 666/1179]
2025-03-24 22:05:36.530 tests/security/ddl_access/policy/test_alter_withoutgrant.py::test_1 PASSED [ 667/1179]
2025-03-24 22:05:38.301 tests/security/ddl_access/policy/test_create_aftergrantadmin.py::test_1 PASSED [ 668/1179]
2025-03-24 22:05:40.090 tests/security/ddl_access/policy/test_create_afterrevokeadmin.py::test_1 PASSED [ 669/1179]
2025-03-24 22:05:42.410 tests/security/ddl_access/policy/test_create_withoutgrant.py::test_1 PASSED [ 670/1179]
2025-03-24 22:05:44.130 tests/security/ddl_access/policy/test_drop_aftergrantadmin.py::test_1 PASSED [ 671/1179]
2025-03-24 22:05:45.938 tests/security/ddl_access/policy/test_drop_afterrevokeadmin.py::test_1 PASSED [ 672/1179]
2025-03-24 22:05:48.023 tests/security/ddl_access/policy/test_drop_withoutgrant.py::test_1 PASSED [ 673/1179]
2025-03-24 22:05:49.789 tests/security/ddl_access/procedure/test_alter_aftergrant.py::test_1 PASSED [ 674/1179]
2025-03-24 22:05:51.763 tests/security/ddl_access/procedure/test_alter_afterrevoke.py::test_1 PASSED [ 675/1179]
2025-03-24 22:05:54.272 tests/security/ddl_access/procedure/test_alter_mine.py::test_1 PASSED [ 676/1179]
2025-03-24 22:05:56.606 tests/security/ddl_access/procedure/test_alter_withoutgrant.py::test_1 PASSED [ 677/1179]
2025-03-24 22:05:58.632 tests/security/ddl_access/procedure/test_create_aftergrant.py::test_1 PASSED [ 678/1179]
2025-03-24 22:06:01.622 tests/security/ddl_access/procedure/test_create_afterrevoke.py::test_1 PASSED [ 679/1179]
2025-03-24 22:06:03.569 tests/security/ddl_access/procedure/test_create_or_alter_exist_aftergrant.py::test_1 PASSED [ 680/1179]
2025-03-24 22:06:05.678 tests/security/ddl_access/procedure/test_create_or_alter_exist_aftergrantcreate.py::test_1 PASSED [ 681/1179]
2025-03-24 22:06:07.599 tests/security/ddl_access/procedure/test_create_or_alter_exist_afterrevoke.py::test_1 PASSED [ 682/1179]
2025-03-24 22:06:09.887 tests/security/ddl_access/procedure/test_create_or_alter_exist_withoutgrant.py::test_1 PASSED [ 683/1179]
2025-03-24 22:06:12.152 tests/security/ddl_access/procedure/test_create_or_alter_new_aftergrant.py::test_1 PASSED [ 684/1179]
2025-03-24 22:06:14.509 tests/security/ddl_access/procedure/test_create_or_alter_new_aftergrantalterany.py::test_1 PASSED [ 685/1179]
2025-03-24 22:06:16.739 tests/security/ddl_access/procedure/test_create_or_alter_new_afterrevoke.py::test_1 PASSED [ 686/1179]
2025-03-24 22:06:18.984 tests/security/ddl_access/procedure/test_create_or_alter_new_withoutgrant.py::test_1 PASSED [ 687/1179]
2025-03-24 22:06:21.486 tests/security/ddl_access/procedure/test_create_withoutgrant.py::test_1 PASSED [ 688/1179]
2025-03-24 22:06:23.487 tests/security/ddl_access/procedure/test_drop_aftergrant.py::test_1 PASSED [ 689/1179]
2025-03-24 22:06:25.425 tests/security/ddl_access/procedure/test_drop_afterrevoke.py::test_1 PASSED [ 690/1179]
2025-03-24 22:06:28.327 tests/security/ddl_access/procedure/test_drop_mine.py::test_1 PASSED [ 691/1179]
2025-03-24 22:06:30.617 tests/security/ddl_access/procedure/test_drop_withoutgrant.py::test_1 PASSED [ 692/1179]
2025-03-24 22:06:32.630 tests/security/ddl_access/procedure/test_wgo_alter_aftergrant.py::test_1 PASSED [ 693/1179]
2025-03-24 22:06:38.019 tests/security/ddl_access/procedure/test_wgo_alter_afterrevoke.py::test_1 PASSED [ 694/1179]
2025-03-24 22:06:41.466 tests/security/ddl_access/procedure/test_wgo_alter_afterrevokenotadmin.py::test_1 PASSED [ 695/1179]
2025-03-24 22:06:47.484 tests/security/ddl_access/procedure/test_wgo_alter_withoutgrant.py::test_1 PASSED [ 696/1179]
2025-03-24 22:06:51.040 tests/security/ddl_access/procedure/test_wgo_create_aftergrant.py::test_1 PASSED [ 697/1179]
2025-03-24 22:06:56.929 tests/security/ddl_access/procedure/test_wgo_create_afterrevoke.py::test_1 PASSED [ 698/1179]
2025-03-24 22:07:00.446 tests/security/ddl_access/procedure/test_wgo_create_afterrevokenotadmin.py::test_1 PASSED [ 699/1179]
2025-03-24 22:07:06.131 tests/security/ddl_access/procedure/test_wgo_create_withoutgrant.py::test_1 PASSED [ 700/1179]
2025-03-24 22:07:09.544 tests/security/ddl_access/procedure/test_wgo_drop_aftergrant.py::test_1 PASSED [ 701/1179]
2025-03-24 22:07:14.832 tests/security/ddl_access/procedure/test_wgo_drop_afterrevoke.py::test_1 PASSED [ 702/1179]
2025-03-24 22:07:18.648 tests/security/ddl_access/procedure/test_wgo_drop_afterrevokenotadmin.py::test_1 PASSED [ 703/1179]
2025-03-24 22:07:24.352 tests/security/ddl_access/procedure/test_wgo_drop_withoutgrant.py::test_1 PASSED [ 704/1179]
2025-03-24 22:07:28.660 tests/security/ddl_access/role/test_alter_aftergrant.py::test_1 PASSED [ 705/1179]
2025-03-24 22:07:31.522 tests/security/ddl_access/role/test_alter_afterrevoke.py::test_1 PASSED [ 706/1179]
2025-03-24 22:07:34.826 tests/security/ddl_access/role/test_alter_mine.py::test_1 PASSED [ 707/1179]
2025-03-24 22:07:37.498 tests/security/ddl_access/role/test_alter_withoutgrant.py::test_1 PASSED [ 708/1179]
2025-03-24 22:07:39.788 tests/security/ddl_access/role/test_create_aftergrant.py::test_1 PASSED [ 709/1179]
2025-03-24 22:07:41.820 tests/security/ddl_access/role/test_create_afterrevoke.py::test_1 PASSED [ 710/1179]
2025-03-24 22:07:43.790 tests/security/ddl_access/role/test_create_withoutgrant.py::test_1 PASSED [ 711/1179]
2025-03-24 22:07:45.843 tests/security/ddl_access/role/test_drop_aftergrant.py::test_1 PASSED [ 712/1179]
2025-03-24 22:07:48.259 tests/security/ddl_access/role/test_drop_afterrevoke.py::test_1 PASSED [ 713/1179]
2025-03-24 22:07:50.788 tests/security/ddl_access/role/test_drop_mine.py::test_1 PASSED [ 714/1179]
2025-03-24 22:07:53.032 tests/security/ddl_access/role/test_drop_withoutgrant.py::test_1 PASSED [ 715/1179]
2025-03-24 22:07:55.553 tests/security/ddl_access/role/test_wgo_alter_aftergrant.py::test_1 PASSED [ 716/1179]
2025-03-24 22:08:01.542 tests/security/ddl_access/role/test_wgo_alter_afterrevoke.py::test_1 PASSED [ 717/1179]
2025-03-24 22:08:05.263 tests/security/ddl_access/role/test_wgo_alter_afterrevokenotadmin.py::test_1 PASSED [ 718/1179]
2025-03-24 22:08:11.290 tests/security/ddl_access/role/test_wgo_alter_withoutgrant.py::test_1 PASSED [ 719/1179]
2025-03-24 22:08:15.020 tests/security/ddl_access/role/test_wgo_create_aftergrant.py::test_1 PASSED [ 720/1179]
2025-03-24 22:08:20.263 tests/security/ddl_access/role/test_wgo_create_afterrevoke.py::test_1 PASSED [ 721/1179]
2025-03-24 22:08:23.760 tests/security/ddl_access/role/test_wgo_create_afterrevokenotadmin.py::test_1 PASSED [ 722/1179]
2025-03-24 22:08:29.567 tests/security/ddl_access/role/test_wgo_create_withoutgrant.py::test_1 PASSED [ 723/1179]
2025-03-24 22:08:33.087 tests/security/ddl_access/role/test_wgo_drop_aftergrant.py::test_1 PASSED [ 724/1179]
2025-03-24 22:08:39.125 tests/security/ddl_access/role/test_wgo_drop_afterrevoke.py::test_1 PASSED [ 725/1179]
2025-03-24 22:08:43.058 tests/security/ddl_access/role/test_wgo_drop_afterrevokenotadmin.py::test_1 PASSED [ 726/1179]
2025-03-24 22:08:50.035 tests/security/ddl_access/role/test_wgo_drop_withoutgrant.py::test_1 PASSED [ 727/1179]
2025-03-24 22:08:54.180 tests/security/ddl_access/sequence/test_alter_aftergrant.py::test_1 PASSED [ 728/1179]
2025-03-24 22:08:56.190 tests/security/ddl_access/sequence/test_alter_afterrevoke.py::test_1 PASSED [ 729/1179]
2025-03-24 22:08:58.149 tests/security/ddl_access/sequence/test_alter_withoutgrant.py::test_1 PASSED [ 730/1179]
2025-03-24 22:09:00.107 tests/security/ddl_access/sequence/test_create_aftergrant.py::test_1 PASSED [ 731/1179]
2025-03-24 22:09:02.086 tests/security/ddl_access/sequence/test_create_afterrevoke.py::test_1 PASSED [ 732/1179]
2025-03-24 22:09:04.013 tests/security/ddl_access/sequence/test_create_or_alter_exist_aftergrant.py::test_1 PASSED [ 733/1179]
2025-03-24 22:09:06.100 tests/security/ddl_access/sequence/test_create_or_alter_exist_aftergrantcreate.py::test_1 PASSED [ 734/1179]
2025-03-24 22:09:08.126 tests/security/ddl_access/sequence/test_create_or_alter_exist_afterrevoke.py::test_1 PASSED [ 735/1179]
2025-03-24 22:09:10.147 tests/security/ddl_access/sequence/test_create_or_alter_exist_withoutgrant.py::test_1 PASSED [ 736/1179]
2025-03-24 22:09:12.071 tests/security/ddl_access/sequence/test_create_or_alter_new_aftergrant.py::test_1 PASSED [ 737/1179]
2025-03-24 22:09:14.010 tests/security/ddl_access/sequence/test_create_or_alter_new_aftergrantalterany.py::test_1 PASSED [ 738/1179]
2025-03-24 22:09:15.974 tests/security/ddl_access/sequence/test_create_or_alter_new_afterrevoke.py::test_1 PASSED [ 739/1179]
2025-03-24 22:09:17.899 tests/security/ddl_access/sequence/test_create_or_alter_new_withoutgrant.py::test_1 PASSED [ 740/1179]
2025-03-24 22:09:19.898 tests/security/ddl_access/sequence/test_create_withoutgrant.py::test_1 PASSED [ 741/1179]
2025-03-24 22:09:21.859 tests/security/ddl_access/sequence/test_drop_aftergrant.py::test_1 PASSED [ 742/1179]
2025-03-24 22:09:23.781 tests/security/ddl_access/sequence/test_drop_afterrevoke.py::test_1 PASSED [ 743/1179]
2025-03-24 22:09:25.711 tests/security/ddl_access/sequence/test_drop_withoutgrant.py::test_1 PASSED [ 744/1179]
2025-03-24 22:09:27.671 tests/security/ddl_access/sequence/test_wgo_alter_aftergrant.py::test_1 PASSED [ 745/1179]
2025-03-24 22:09:31.190 tests/security/ddl_access/sequence/test_wgo_alter_afterrevoke.py::test_1 PASSED [ 746/1179]
2025-03-24 22:09:34.679 tests/security/ddl_access/sequence/test_wgo_alter_withoutgrant.py::test_1 PASSED [ 747/1179]
2025-03-24 22:09:38.314 tests/security/ddl_access/sequence/test_wgo_create_aftergrant.py::test_1 PASSED [ 748/1179]
2025-03-24 22:09:41.842 tests/security/ddl_access/sequence/test_wgo_create_afterrevoke.py::test_1 PASSED [ 749/1179]
2025-03-24 22:09:45.419 tests/security/ddl_access/sequence/test_wgo_create_withoutgrant.py::test_1 PASSED [ 750/1179]
2025-03-24 22:09:48.887 tests/security/ddl_access/sequence/test_wgo_drop_aftergrant.py::test_1 PASSED [ 751/1179]
2025-03-24 22:09:52.301 tests/security/ddl_access/sequence/test_wgo_drop_afterrevoke.py::test_1 PASSED [ 752/1179]
2025-03-24 22:09:55.680 tests/security/ddl_access/sequence/test_wgo_drop_withoutgrant.py::test_1 PASSED [ 753/1179]
2025-03-24 22:09:59.051 tests/security/ddl_access/shadow/test_create_aftergrant.py::test_1 PASSED [ 754/1179]
2025-03-24 22:10:01.099 tests/security/ddl_access/shadow/test_create_afterrevoke.py::test_1 PASSED [ 755/1179]
2025-03-24 22:10:03.202 tests/security/ddl_access/shadow/test_create_withoutgrant.py::test_1 PASSED [ 756/1179]
2025-03-24 22:10:05.248 tests/security/ddl_access/shadow/test_drop_aftergrant.py::test_1 PASSED [ 757/1179]
2025-03-24 22:10:07.164 tests/security/ddl_access/shadow/test_drop_afterrevoke.py::test_1 PASSED [ 758/1179]
2025-03-24 22:10:09.137 tests/security/ddl_access/shadow/test_drop_mine.py::test_1 PASSED [ 759/1179]
2025-03-24 22:10:11.356 tests/security/ddl_access/shadow/test_drop_withoutgrant.py::test_1 PASSED [ 760/1179]
2025-03-24 22:10:13.307 tests/security/ddl_access/shadow/test_wgo_create_aftergrant.py::test_1 PASSED [ 761/1179]
2025-03-24 22:10:18.743 tests/security/ddl_access/shadow/test_wgo_create_afterrevoke.py::test_1 PASSED [ 762/1179]
2025-03-24 22:10:22.324 tests/security/ddl_access/shadow/test_wgo_create_afterrevokenotadmin.py::test_1 PASSED [ 763/1179]
2025-03-24 22:10:28.273 tests/security/ddl_access/shadow/test_wgo_create_withoutgrant.py::test_1 PASSED [ 764/1179]
2025-03-24 22:10:32.688 tests/security/ddl_access/shadow/test_wgo_drop_aftergrant.py::test_1 PASSED [ 765/1179]
2025-03-24 22:10:39.822 tests/security/ddl_access/shadow/test_wgo_drop_afterrevoke.py::test_1 PASSED [ 766/1179]
2025-03-24 22:10:43.400 tests/security/ddl_access/shadow/test_wgo_drop_afterrevokenotadmin.py::test_1 PASSED [ 767/1179]
2025-03-24 22:10:51.053 tests/security/ddl_access/shadow/test_wgo_drop_withoutgrant.py::test_1 PASSED [ 768/1179]
2025-03-24 22:10:54.977 tests/security/ddl_access/table/test_alter_aftergrant.py::test_1 PASSED [ 769/1179]
2025-03-24 22:10:57.729 tests/security/ddl_access/table/test_alter_afterrevoke.py::test_1 PASSED [ 770/1179]
2025-03-24 22:10:59.668 tests/security/ddl_access/table/test_alter_mine.py::test_1 PASSED [ 771/1179]
2025-03-24 22:11:03.562 tests/security/ddl_access/table/test_alter_withoutgrant.py::test_1 PASSED [ 772/1179]
2025-03-24 22:11:05.535 tests/security/ddl_access/table/test_create_aftergrant.py::test_1 PASSED [ 773/1179]
2025-03-24 22:11:07.963 tests/security/ddl_access/table/test_create_afterrevoke.py::test_1 PASSED [ 774/1179]
2025-03-24 22:11:10.011 tests/security/ddl_access/table/test_create_withoutgrant.py::test_1 PASSED [ 775/1179]
2025-03-24 22:11:12.044 tests/security/ddl_access/table/test_drop_aftergrant.py::test_1 PASSED [ 776/1179]
2025-03-24 22:11:14.356 tests/security/ddl_access/table/test_drop_afterrevoke.py::test_1 PASSED [ 777/1179]
2025-03-24 22:11:16.290 tests/security/ddl_access/table/test_drop_mine.py::test_1 PASSED [ 778/1179]
2025-03-24 22:11:18.781 tests/security/ddl_access/table/test_drop_withoutgrant.py::test_1 PASSED [ 779/1179]
2025-03-24 22:11:20.778 tests/security/ddl_access/table/test_wgo_alter_aftergrant.py::test_1 PASSED [ 780/1179]
2025-03-24 22:11:27.291 tests/security/ddl_access/table/test_wgo_alter_afterrevoke.py::test_1 PASSED [ 781/1179]
2025-03-24 22:11:31.048 tests/security/ddl_access/table/test_wgo_alter_afterrevokenotadmin.py::test_1 PASSED [ 782/1179]
2025-03-24 22:11:37.273 tests/security/ddl_access/table/test_wgo_alter_withoutgrant.py::test_1 PASSED [ 783/1179]
2025-03-24 22:11:41.615 tests/security/ddl_access/table/test_wgo_create_aftergrant.py::test_1 PASSED [ 784/1179]
2025-03-24 22:11:47.375 tests/security/ddl_access/table/test_wgo_create_afterrevoke.py::test_1 PASSED [ 785/1179]
2025-03-24 22:11:51.780 tests/security/ddl_access/table/test_wgo_create_afterrevokenotadmin.py::test_1 PASSED [ 786/1179]
2025-03-24 22:11:59.294 tests/security/ddl_access/table/test_wgo_create_withoutgrant.py::test_1 PASSED [ 787/1179]
2025-03-24 22:12:02.981 tests/security/ddl_access/table/test_wgo_drop_aftergrant.py::test_1 PASSED [ 788/1179]
2025-03-24 22:12:08.809 tests/security/ddl_access/table/test_wgo_drop_afterrevoke.py::test_1 PASSED [ 789/1179]
2025-03-24 22:12:12.478 tests/security/ddl_access/table/test_wgo_drop_afterrevokenotadmin.py::test_1 PASSED [ 790/1179]
2025-03-24 22:12:19.168 tests/security/ddl_access/table/test_wgo_drop_withoutgrant.py::test_1 PASSED [ 791/1179]
2025-03-24 22:12:22.620 tests/security/ddl_access/tablespace/test_alter_aftergrant.py::test_1 PASSED [ 792/1179]
2025-03-24 22:12:24.734 tests/security/ddl_access/tablespace/test_alter_afterrevoke.py::test_1 PASSED [ 793/1179]
2025-03-24 22:12:27.143 tests/security/ddl_access/tablespace/test_alter_withoutgrant.py::test_1 PASSED [ 794/1179]
2025-03-24 22:12:29.183 tests/security/ddl_access/tablespace/test_create_aftergrant.py::test_1 PASSED [ 795/1179]
2025-03-24 22:12:32.543 tests/security/ddl_access/tablespace/test_create_afterrevoke.py::test_1 PASSED [ 796/1179]
2025-03-24 22:12:34.593 tests/security/ddl_access/tablespace/test_create_withoutgrant.py::test_1 PASSED [ 797/1179]
2025-03-24 22:12:36.953 tests/security/ddl_access/tablespace/test_drop_aftergrant.py::test_1 PASSED [ 798/1179]
2025-03-24 22:12:38.866 tests/security/ddl_access/tablespace/test_drop_afterrevoke.py::test_1 PASSED [ 799/1179]
2025-03-24 22:12:40.983 tests/security/ddl_access/tablespace/test_drop_withoutgrant.py::test_1 PASSED [ 800/1179]
2025-03-24 22:12:43.018 tests/security/ddl_access/tablespace/test_wgo_alter_aftergrant.py::test_1 PASSED [ 801/1179]
2025-03-24 22:12:48.278 tests/security/ddl_access/tablespace/test_wgo_alter_afterrevoke.py::test_1 PASSED [ 802/1179]
2025-03-24 22:12:52.013 tests/security/ddl_access/tablespace/test_wgo_alter_withoutgrant.py::test_1 PASSED [ 803/1179]
2025-03-24 22:12:56.111 tests/security/ddl_access/tablespace/test_wgo_create_aftergrant.py::test_1 PASSED [ 804/1179]
2025-03-24 22:13:02.504 tests/security/ddl_access/tablespace/test_wgo_create_afterrevoke.py::test_1 PASSED [ 805/1179]
2025-03-24 22:13:06.877 tests/security/ddl_access/tablespace/test_wgo_create_withoutgrant.py::test_1 PASSED [ 806/1179]
2025-03-24 22:13:11.258 tests/security/ddl_access/tablespace/test_wgo_drop_aftergrant.py::test_1 PASSED [ 807/1179]
2025-03-24 22:13:17.414 tests/security/ddl_access/tablespace/test_wgo_drop_afterrevoke.py::test_1 PASSED [ 808/1179]
2025-03-24 22:13:20.917 tests/security/ddl_access/tablespace/test_wgo_drop_withoutgrant.py::test_1 PASSED [ 809/1179]
2025-03-24 22:13:24.430 tests/security/ddl_access/trigger_ddl/test_alter_aftergrant.py::test_1 PASSED [ 810/1179]
2025-03-24 22:13:26.341 tests/security/ddl_access/trigger_ddl/test_alter_afterrevoke.py::test_1 PASSED [ 811/1179]
2025-03-24 22:13:28.296 tests/security/ddl_access/trigger_ddl/test_alter_mine.py::test_1 PASSED [ 812/1179]
2025-03-24 22:13:30.554 tests/security/ddl_access/trigger_ddl/test_alter_withoutgrant.py::test_1 PASSED [ 813/1179]
2025-03-24 22:13:32.491 tests/security/ddl_access/trigger_ddl/test_create_aftergrant.py::test_1 PASSED [ 814/1179]
2025-03-24 22:13:34.463 tests/security/ddl_access/trigger_ddl/test_create_afterrevoke.py::test_1 PASSED [ 815/1179]
2025-03-24 22:13:36.467 tests/security/ddl_access/trigger_ddl/test_create_or_alter_exist_aftergrant.py::test_1 PASSED [ 816/1179]
2025-03-24 22:13:38.409 tests/security/ddl_access/trigger_ddl/test_create_or_alter_exist_afterrevoke.py::test_1 PASSED [ 817/1179]
2025-03-24 22:13:40.352 tests/security/ddl_access/trigger_ddl/test_create_or_alter_exist_withoutgrant.py::test_1 PASSED [ 818/1179]
2025-03-24 22:13:43.733 tests/security/ddl_access/trigger_ddl/test_create_or_alter_new_aftergrant.py::test_1 PASSED [ 819/1179]
2025-03-24 22:13:45.710 tests/security/ddl_access/trigger_ddl/test_create_or_alter_new_afterrevoke.py::test_1 PASSED [ 820/1179]
2025-03-24 22:13:47.651 tests/security/ddl_access/trigger_ddl/test_create_or_alter_new_withoutgrant.py::test_1 PASSED [ 821/1179]
2025-03-24 22:13:49.637 tests/security/ddl_access/trigger_ddl/test_create_withoutgrant.py::test_1 PASSED [ 822/1179]
2025-03-24 22:13:51.588 tests/security/ddl_access/trigger_ddl/test_drop_aftergrant.py::test_1 PASSED [ 823/1179]
2025-03-24 22:13:53.514 tests/security/ddl_access/trigger_ddl/test_drop_afterrevoke.py::test_1 PASSED [ 824/1179]
2025-03-24 22:13:55.387 tests/security/ddl_access/trigger_ddl/test_drop_mine.py::test_1 PASSED [ 825/1179]
2025-03-24 22:13:57.890 tests/security/ddl_access/trigger_ddl/test_drop_withoutgrant.py::test_1 PASSED [ 826/1179]
2025-03-24 22:13:59.888 tests/security/ddl_access/trigger_ddl/test_wgo_alter_aftergrant.py::test_1 PASSED [ 827/1179]
2025-03-24 22:14:05.073 tests/security/ddl_access/trigger_ddl/test_wgo_alter_afterrevoke.py::test_1 PASSED [ 828/1179]
2025-03-24 22:14:08.511 tests/security/ddl_access/trigger_ddl/test_wgo_alter_afterrevokenotadmin.py::test_1 PASSED [ 829/1179]
2025-03-24 22:14:14.372 tests/security/ddl_access/trigger_ddl/test_wgo_alter_withoutgrant.py::test_1 PASSED [ 830/1179]
2025-03-24 22:14:18.173 tests/security/ddl_access/trigger_ddl/test_wgo_create_aftergrant.py::test_1 PASSED [ 831/1179]
2025-03-24 22:14:24.255 tests/security/ddl_access/trigger_ddl/test_wgo_create_afterrevoke.py::test_1 PASSED [ 832/1179]
2025-03-24 22:14:28.591 tests/security/ddl_access/trigger_ddl/test_wgo_create_afterrevokenotadmin.py::test_1 PASSED [ 833/1179]
2025-03-24 22:14:34.423 tests/security/ddl_access/trigger_ddl/test_wgo_create_withoutgrant.py::test_1 PASSED [ 834/1179]
2025-03-24 22:14:37.967 tests/security/ddl_access/trigger_ddl/test_wgo_drop_aftergrant.py::test_1 PASSED [ 835/1179]
2025-03-24 22:14:43.183 tests/security/ddl_access/trigger_ddl/test_wgo_drop_afterrevoke.py::test_1 PASSED [ 836/1179]
2025-03-24 22:14:46.978 tests/security/ddl_access/trigger_ddl/test_wgo_drop_afterrevokenotadmin.py::test_1 PASSED [ 837/1179]
2025-03-24 22:14:52.750 tests/security/ddl_access/trigger_ddl/test_wgo_drop_withoutgrant.py::test_1 PASSED [ 838/1179]
2025-03-24 22:14:56.228 tests/security/ddl_access/trigger_dml/test_alter_aftergrant.py::test_1 PASSED [ 839/1179]
2025-03-24 22:14:58.171 tests/security/ddl_access/trigger_dml/test_alter_afterrevoke.py::test_1 PASSED [ 840/1179]
2025-03-24 22:15:00.072 tests/security/ddl_access/trigger_dml/test_alter_mine.py::test_1 PASSED [ 841/1179]
2025-03-24 22:15:02.352 tests/security/ddl_access/trigger_dml/test_alter_withoutgrant.py::test_1 PASSED [ 842/1179]
2025-03-24 22:15:04.872 tests/security/ddl_access/trigger_dml/test_create_aftergrant.py::test_1 PASSED [ 843/1179]
2025-03-24 22:15:07.737 tests/security/ddl_access/trigger_dml/test_create_afterrevoke.py::test_1 PASSED [ 844/1179]
2025-03-24 22:15:09.836 tests/security/ddl_access/trigger_dml/test_create_or_alter_exist_aftergrant.py::test_1 PASSED [ 845/1179]
2025-03-24 22:15:12.213 tests/security/ddl_access/trigger_dml/test_create_or_alter_exist_afterrevoke.py::test_1 PASSED [ 846/1179]
2025-03-24 22:15:14.448 tests/security/ddl_access/trigger_dml/test_create_or_alter_exist_withoutgrant.py::test_1 PASSED [ 847/1179]
2025-03-24 22:15:17.211 tests/security/ddl_access/trigger_dml/test_create_or_alter_new_aftergrant.py::test_1 PASSED [ 848/1179]
2025-03-24 22:15:19.208 tests/security/ddl_access/trigger_dml/test_create_or_alter_new_afterrevoke.py::test_1 PASSED [ 849/1179]
2025-03-24 22:15:21.414 tests/security/ddl_access/trigger_dml/test_create_or_alter_new_withoutgrant.py::test_1 PASSED [ 850/1179]
2025-03-24 22:15:23.359 tests/security/ddl_access/trigger_dml/test_create_withoutgrant.py::test_1 PASSED [ 851/1179]
2025-03-24 22:15:25.359 tests/security/ddl_access/trigger_dml/test_drop_aftergrant.py::test_1 PASSED [ 852/1179]
2025-03-24 22:15:27.352 tests/security/ddl_access/trigger_dml/test_drop_afterrevoke.py::test_1 PASSED [ 853/1179]
2025-03-24 22:15:29.296 tests/security/ddl_access/trigger_dml/test_drop_mine.py::test_1 PASSED [ 854/1179]
2025-03-24 22:15:31.567 tests/security/ddl_access/trigger_dml/test_drop_withoutgrant.py::test_1 PASSED [ 855/1179]
2025-03-24 22:15:33.522 tests/security/ddl_access/trigger_dml/test_wgo_alter_aftergrant.py::test_1 PASSED [ 856/1179]
2025-03-24 22:15:38.649 tests/security/ddl_access/trigger_dml/test_wgo_alter_afterrevoke.py::test_1 PASSED [ 857/1179]
2025-03-24 22:15:42.147 tests/security/ddl_access/trigger_dml/test_wgo_alter_afterrevokenotadmin.py::test_1 PASSED [ 858/1179]
2025-03-24 22:15:49.063 tests/security/ddl_access/trigger_dml/test_wgo_alter_withoutgrant.py::test_1 PASSED [ 859/1179]
2025-03-24 22:15:52.851 tests/security/ddl_access/trigger_dml/test_wgo_create_aftergrant.py::test_1 PASSED [ 860/1179]
2025-03-24 22:15:58.208 tests/security/ddl_access/trigger_dml/test_wgo_create_afterrevoke.py::test_1 PASSED [ 861/1179]
2025-03-24 22:16:01.831 tests/security/ddl_access/trigger_dml/test_wgo_create_afterrevokenotadmin.py::test_1 PASSED [ 862/1179]
2025-03-24 22:16:09.241 tests/security/ddl_access/trigger_dml/test_wgo_create_withoutgrant.py::test_1 PASSED [ 863/1179]
2025-03-24 22:16:13.393 tests/security/ddl_access/trigger_dml/test_wgo_drop_aftergrant.py::test_1 PASSED [ 864/1179]
2025-03-24 22:16:19.155 tests/security/ddl_access/trigger_dml/test_wgo_drop_afterrevoke.py::test_1 PASSED [ 865/1179]
2025-03-24 22:16:22.590 tests/security/ddl_access/trigger_dml/test_wgo_drop_afterrevokenotadmin.py::test_1 PASSED [ 866/1179]
2025-03-24 22:16:28.414 tests/security/ddl_access/trigger_dml/test_wgo_drop_withoutgrant.py::test_1 PASSED [ 867/1179]
2025-03-24 22:16:31.912 tests/security/ddl_access/view/test_alter_aftergrant.py::test_1 PASSED [ 868/1179]
2025-03-24 22:16:33.950 tests/security/ddl_access/view/test_alter_afterrevoke.py::test_1 PASSED [ 869/1179]
2025-03-24 22:16:35.971 tests/security/ddl_access/view/test_alter_mine.py::test_1 PASSED [ 870/1179]
2025-03-24 22:16:38.312 tests/security/ddl_access/view/test_alter_withoutgrant.py::test_1 PASSED [ 871/1179]
2025-03-24 22:16:40.355 tests/security/ddl_access/view/test_create_aftergrant.py::test_1 PASSED [ 872/1179]
2025-03-24 22:16:42.313 tests/security/ddl_access/view/test_create_afterrevoke.py::test_1 PASSED [ 873/1179]
2025-03-24 22:16:44.309 tests/security/ddl_access/view/test_create_or_alter_exist_aftergrant.py::test_1 PASSED [ 874/1179]
2025-03-24 22:16:46.314 tests/security/ddl_access/view/test_create_or_alter_exist_aftergrantcreate.py::test_1 PASSED [ 875/1179]
2025-03-24 22:16:48.694 tests/security/ddl_access/view/test_create_or_alter_exist_afterrevoke.py::test_1 PASSED [ 876/1179]
2025-03-24 22:16:50.681 tests/security/ddl_access/view/test_create_or_alter_exist_withoutgrant.py::test_1 PASSED [ 877/1179]
2025-03-24 22:16:52.717 tests/security/ddl_access/view/test_create_or_alter_new_aftergrant.py::test_1 PASSED [ 878/1179]
2025-03-24 22:16:54.705 tests/security/ddl_access/view/test_create_or_alter_new_aftergrantalterany.py::test_1 PASSED [ 879/1179]
2025-03-24 22:16:56.704 tests/security/ddl_access/view/test_create_or_alter_new_afterrevoke.py::test_1 PASSED [ 880/1179]
2025-03-24 22:16:58.656 tests/security/ddl_access/view/test_create_or_alter_new_withoutgrant.py::test_1 PASSED [ 881/1179]
2025-03-24 22:17:00.659 tests/security/ddl_access/view/test_create_withoutgrant.py::test_1 PASSED [ 882/1179]
2025-03-24 22:17:02.640 tests/security/ddl_access/view/test_drop_aftergrant.py::test_1 PASSED [ 883/1179]
2025-03-24 22:17:04.717 tests/security/ddl_access/view/test_drop_afterrevoke.py::test_1 PASSED [ 884/1179]
2025-03-24 22:17:06.708 tests/security/ddl_access/view/test_drop_mine.py::test_1 PASSED [ 885/1179]
2025-03-24 22:17:09.184 tests/security/ddl_access/view/test_drop_withoutgrant.py::test_1 PASSED [ 886/1179]
2025-03-24 22:17:11.181 tests/security/ddl_access/view/test_wgo_alter_aftergrant.py::test_1 PASSED [ 887/1179]
2025-03-24 22:17:16.577 tests/security/ddl_access/view/test_wgo_alter_afterrevoke.py::test_1 PASSED [ 888/1179]
2025-03-24 22:17:20.157 tests/security/ddl_access/view/test_wgo_alter_afterrevokenotadmin.py::test_1 PASSED [ 889/1179]
2025-03-24 22:17:26.934 tests/security/ddl_access/view/test_wgo_alter_withoutgrant.py::test_1 PASSED [ 890/1179]
2025-03-24 22:17:30.627 tests/security/ddl_access/view/test_wgo_create_aftergrant.py::test_1 PASSED [ 891/1179]
2025-03-24 22:17:36.294 tests/security/ddl_access/view/test_wgo_create_afterrevoke.py::test_1 PASSED [ 892/1179]
2025-03-24 22:17:39.837 tests/security/ddl_access/view/test_wgo_create_afterrevokenotadmin.py::test_1 PASSED [ 893/1179]
2025-03-24 22:17:45.780 tests/security/ddl_access/view/test_wgo_create_withoutgrant.py::test_1 PASSED [ 894/1179]
2025-03-24 22:17:49.298 tests/security/ddl_access/view/test_wgo_drop_aftergrant.py::test_1 PASSED [ 895/1179]
2025-03-24 22:17:55.053 tests/security/ddl_access/view/test_wgo_drop_afterrevoke.py::test_1 PASSED [ 896/1179]
2025-03-24 22:17:59.056 tests/security/ddl_access/view/test_wgo_drop_afterrevokenotadmin.py::test_1 PASSED [ 897/1179]
2025-03-24 22:18:05.872 tests/security/ddl_access/view/test_wgo_drop_withoutgrant.py::test_1 PASSED [ 898/1179]
2025-03-24 22:18:09.499 tests/security/default_roles/admin/ddl/test_domain.py::test_1 PASSED [ 899/1179]
2025-03-24 22:18:12.028 tests/security/default_roles/admin/ddl/test_exception.py::test_1 PASSED [ 900/1179]
2025-03-24 22:18:14.561 tests/security/default_roles/admin/ddl/test_function.py::test_1 PASSED [ 901/1179]
2025-03-24 22:18:17.433 tests/security/default_roles/admin/ddl/test_index.py::test_1 PASSED [ 902/1179]
2025-03-24 22:18:19.627 tests/security/default_roles/admin/ddl/test_procedure.py::test_1 PASSED [ 903/1179]
2025-03-24 22:18:22.248 tests/security/default_roles/admin/ddl/test_sequence.py::test_1 PASSED [ 904/1179]
2025-03-24 22:18:24.902 tests/security/default_roles/admin/ddl/test_shadow.py::test_1 PASSED [ 905/1179]
2025-03-24 22:18:26.353 tests/security/default_roles/admin/ddl/test_table.py::test_1 PASSED [ 906/1179]
2025-03-24 22:18:29.867 tests/security/default_roles/admin/ddl/test_trigger.py::test_1 PASSED [ 907/1179]
2025-03-24 22:18:32.445 tests/security/default_roles/admin/ddl/test_view.py::test_1 PASSED [ 908/1179]
2025-03-24 22:18:35.151 tests/security/default_roles/admin/dml/test_generator.py::test_1 PASSED [ 909/1179]
2025-03-24 22:18:36.808 tests/security/default_roles/admin/dml/test_procedure.py::test_1 PASSED [ 910/1179]
2025-03-24 22:18:38.506 tests/security/default_roles/admin/dml/test_table.py::test_1 PASSED [ 911/1179]
2025-03-24 22:18:40.192 tests/security/dml_access/delete/test_after_grant.py::test_1 PASSED [ 912/1179]
2025-03-24 22:18:42.445 tests/security/dml_access/delete/test_after_revoke.py::test_1 PASSED [ 913/1179]
2025-03-24 22:18:44.845 tests/security/dml_access/delete/test_wgo_after_grant.py::test_1 PASSED [ 914/1179]
2025-03-24 22:18:50.613 tests/security/dml_access/delete/test_wgo_after_revoke.py::test_1 PASSED [ 915/1179]
2025-03-24 22:18:54.080 tests/security/dml_access/delete/test_wgo_after_revoke_not_admin.py::test_1 PASSED [ 916/1179]
2025-03-24 22:19:00.159 tests/security/dml_access/delete/test_wgo_without_grant.py::test_1 PASSED [ 917/1179]
2025-03-24 22:19:03.545 tests/security/dml_access/execute/function/test_after_grant_definer.py::test_1 PASSED [ 918/1179]
2025-03-24 22:19:05.560 tests/security/dml_access/execute/function/test_after_grant_invoker.py::test_1 PASSED [ 919/1179]
2025-03-24 22:19:07.726 tests/security/dml_access/execute/function/test_after_revoke_definer.py::test_1 PASSED [ 920/1179]
2025-03-24 22:19:09.962 tests/security/dml_access/execute/function/test_after_revoke_invoker.py::test_1 PASSED [ 921/1179]
2025-03-24 22:19:12.369 tests/security/dml_access/execute/function/test_wgo_after_grant.py::test_1 PASSED [ 922/1179]
2025-03-24 22:19:18.591 tests/security/dml_access/execute/function/test_wgo_after_revoke.py::test_1 PASSED [ 923/1179]
2025-03-24 22:19:22.661 tests/security/dml_access/execute/function/test_wgo_after_revoke_not_admin.py::test_1 PASSED [ 924/1179]
2025-03-24 22:19:29.235 tests/security/dml_access/execute/function/test_wgo_without_grant.py::test_1 PASSED [ 925/1179]
2025-03-24 22:19:32.984 tests/security/dml_access/execute/function/test_without_grant_definer.py::test_1 PASSED [ 926/1179]
2025-03-24 22:19:35.686 tests/security/dml_access/execute/function/test_without_grant_invoker.py::test_1 PASSED [ 927/1179]
2025-03-24 22:19:37.645 tests/security/dml_access/execute/package/test_after_grant_definer.py::test_1 PASSED [ 928/1179]
2025-03-24 22:19:39.999 tests/security/dml_access/execute/package/test_after_grant_invoker.py::test_1 PASSED [ 929/1179]
2025-03-24 22:19:42.100 tests/security/dml_access/execute/package/test_after_revoke_definer.py::test_1 PASSED [ 930/1179]
2025-03-24 22:19:44.716 tests/security/dml_access/execute/package/test_after_revoke_invoker.py::test_1 PASSED [ 931/1179]
2025-03-24 22:19:46.744 tests/security/dml_access/execute/package/test_wgo_after_grant.py::test_1 PASSED [ 932/1179]
2025-03-24 22:19:53.231 tests/security/dml_access/execute/package/test_wgo_after_revoke.py::test_1 PASSED [ 933/1179]
2025-03-24 22:19:57.512 tests/security/dml_access/execute/package/test_wgo_after_revoke_not_admin.py::test_1 PASSED [ 934/1179]
2025-03-24 22:20:03.684 tests/security/dml_access/execute/package/test_wgo_without_grant.py::test_1 PASSED [ 935/1179]
2025-03-24 22:20:08.394 tests/security/dml_access/execute/package/test_without_grant_definer.py::test_1 PASSED [ 936/1179]
2025-03-24 22:20:10.972 tests/security/dml_access/execute/package/test_without_grant_invoker.py::test_1 PASSED [ 937/1179]
2025-03-24 22:20:12.882 tests/security/dml_access/execute/procedure/test_after_grant_definer.py::test_1 PASSED [ 938/1179]
2025-03-24 22:20:15.367 tests/security/dml_access/execute/procedure/test_after_grant_invoker.py::test_1 PASSED [ 939/1179]
2025-03-24 22:20:17.338 tests/security/dml_access/execute/procedure/test_after_revoke_definer.py::test_1 PASSED [ 940/1179]
2025-03-24 22:20:19.360 tests/security/dml_access/execute/procedure/test_after_revoke_invoker.py::test_1 PASSED [ 941/1179]
2025-03-24 22:20:21.270 tests/security/dml_access/execute/procedure/test_wgo_after_grant.py::test_1 PASSED [ 942/1179]
2025-03-24 22:20:26.577 tests/security/dml_access/execute/procedure/test_wgo_after_revoke.py::test_1 PASSED [ 943/1179]
2025-03-24 22:20:30.054 tests/security/dml_access/execute/procedure/test_wgo_after_revoke_not_admin.py::test_1 PASSED [ 944/1179]
2025-03-24 22:20:35.873 tests/security/dml_access/execute/procedure/test_wgo_without_grant.py::test_1 PASSED [ 945/1179]
2025-03-24 22:20:39.435 tests/security/dml_access/execute/procedure/test_without_grant_definer.py::test_1 PASSED [ 946/1179]
2025-03-24 22:20:41.423 tests/security/dml_access/execute/procedure/test_without_grant_invoker.py::test_1 PASSED [ 947/1179]
2025-03-24 22:20:43.386 tests/security/dml_access/insert/test_after_grant.py::test_1 PASSED [ 948/1179]
2025-03-24 22:20:45.291 tests/security/dml_access/insert/test_after_revoke.py::test_1 PASSED [ 949/1179]
2025-03-24 22:20:47.267 tests/security/dml_access/insert/test_wgo_after_grant.py::test_1 PASSED [ 950/1179]
2025-03-24 22:20:52.502 tests/security/dml_access/insert/test_wgo_after_revoke.py::test_1 PASSED [ 951/1179]
2025-03-24 22:20:55.953 tests/security/dml_access/insert/test_wgo_after_revoke_not_admin.py::test_1 PASSED [ 952/1179]
2025-03-24 22:21:01.552 tests/security/dml_access/insert/test_wgo_without_grant.py::test_1 PASSED [ 953/1179]
2025-03-24 22:21:04.996 tests/security/dml_access/insert/test_without_grant.py::test_1 PASSED [ 954/1179]
2025-03-24 22:21:06.892 tests/security/dml_access/reference/test_after_grant.py::test_1 PASSED [ 955/1179]
2025-03-24 22:21:08.972 tests/security/dml_access/reference/test_after_revoke.py::test_1 PASSED [ 956/1179]
2025-03-24 22:21:10.853 tests/security/dml_access/reference/test_col_after_grant.py::test_1 PASSED [ 957/1179]
2025-03-24 22:21:12.833 tests/security/dml_access/reference/test_col_after_grant2.py::test_1 PASSED [ 958/1179]
2025-03-24 22:21:14.788 tests/security/dml_access/reference/test_col_after_revoke.py::test_1 PASSED [ 959/1179]
2025-03-24 22:21:16.728 tests/security/dml_access/reference/test_col_without_grant.py::test_1 PASSED [ 960/1179]
2025-03-24 22:21:18.696 tests/security/dml_access/reference/test_own_tab_after_grant.py::test_1 PASSED [ 961/1179]
2025-03-24 22:21:20.647 tests/security/dml_access/reference/test_own_tab_after_grant2.py::test_1 PASSED [ 962/1179]
2025-03-24 22:21:22.603 tests/security/dml_access/reference/test_own_tab_after_revoke.py::test_1 PASSED [ 963/1179]
2025-03-24 22:21:24.608 tests/security/dml_access/reference/test_own_tab_without_grant.py::test_1 PASSED [ 964/1179]
2025-03-24 22:21:26.533 tests/security/dml_access/reference/test_wgo_after_grant.py::test_1 PASSED [ 965/1179]
2025-03-24 22:21:32.056 tests/security/dml_access/reference/test_wgo_after_revoke.py::test_1 PASSED [ 966/1179]
2025-03-24 22:21:35.608 tests/security/dml_access/reference/test_wgo_after_revoke_not_admin.py::test_1 PASSED [ 967/1179]
2025-03-24 22:21:41.405 tests/security/dml_access/reference/test_wgo_without_grant.py::test_1 PASSED [ 968/1179]
2025-03-24 22:21:44.891 tests/security/dml_access/reference/test_without_grant.py::test_1 PASSED [ 969/1179]
2025-03-24 22:21:46.854 tests/security/dml_access/select/test_after_grant.py::test_1 PASSED [ 970/1179]
2025-03-24 22:21:48.834 tests/security/dml_access/select/test_after_revoke.py::test_1 PASSED [ 971/1179]
2025-03-24 22:21:50.768 tests/security/dml_access/select/test_all_after_grant.py::test_1 PASSED [ 972/1179]
2025-03-24 22:21:52.762 tests/security/dml_access/select/test_wgo_after_grant.py::test_1 PASSED [ 973/1179]
2025-03-24 22:21:58.031 tests/security/dml_access/select/test_wgo_after_revoke.py::test_1 PASSED [ 974/1179]
2025-03-24 22:22:01.493 tests/security/dml_access/select/test_wgo_after_revoke_not_admin.py::test_1 PASSED [ 975/1179]
2025-03-24 22:22:07.347 tests/security/dml_access/select/test_wgo_all_after_grant.py::test_1 PASSED [ 976/1179]
2025-03-24 22:22:12.537 tests/security/dml_access/select/test_wgo_without_grant.py::test_1 PASSED [ 977/1179]
2025-03-24 22:22:16.060 tests/security/dml_access/select/test_without_grant.py::test_1 PASSED [ 978/1179]
2025-03-24 22:22:18.021 tests/security/dml_access/update/test_after_grant.py::test_1 PASSED [ 979/1179]
2025-03-24 22:22:20.043 tests/security/dml_access/update/test_after_revoke.py::test_1 PASSED [ 980/1179]
2025-03-24 22:22:22.024 tests/security/dml_access/update/test_after_revoke2.py::test_1 PASSED [ 981/1179]
2025-03-24 22:22:24.033 tests/security/dml_access/update/test_not_grant_field.py::test_1 PASSED [ 982/1179]
2025-03-24 22:22:26.011 tests/security/dml_access/update/test_wgo_after_grant.py::test_1 PASSED [ 983/1179]
2025-03-24 22:22:31.261 tests/security/dml_access/update/test_wgo_after_grant2.py::test_1 PASSED [ 984/1179]
2025-03-24 22:22:36.493 tests/security/dml_access/update/test_wgo_after_revoke.py::test_1 PASSED [ 985/1179]
2025-03-24 22:22:40.043 tests/security/dml_access/update/test_wgo_after_revoke2.py::test_1 PASSED [ 986/1179]
2025-03-24 22:22:43.604 tests/security/dml_access/update/test_wgo_after_revoke_not_admin.py::test_1 PASSED [ 987/1179]
2025-03-24 22:22:49.294 tests/security/dml_access/update/test_wgo_without_grant.py::test_1 PASSED [ 988/1179]
2025-03-24 22:22:52.810 tests/security/dml_access/update/test_without_grant.py::test_1 PASSED [ 989/1179]
2025-03-24 22:22:54.722 tests/security/dml_access/usage/exception/test_after_grant.py::test_1 PASSED [ 990/1179]
2025-03-24 22:22:56.681 tests/security/dml_access/usage/exception/test_after_revoke.py::test_1 PASSED [ 991/1179]
2025-03-24 22:22:58.683 tests/security/dml_access/usage/exception/test_wgo_after_grant.py::test_1 PASSED [ 992/1179]
2025-03-24 22:23:03.735 tests/security/dml_access/usage/exception/test_wgo_after_revoke.py::test_1 PASSED [ 993/1179]
2025-03-24 22:23:07.230 tests/security/dml_access/usage/exception/test_wgo_after_revoke_not_admin.py::test_1 PASSED [ 994/1179]
2025-03-24 22:23:13.060 tests/security/dml_access/usage/exception/test_wgo_without_grant.py::test_1 PASSED [ 995/1179]
2025-03-24 22:23:16.500 tests/security/dml_access/usage/exception/test_without_grant.py::test_1 PASSED [ 996/1179]
2025-03-24 22:23:18.470 tests/security/dml_access/usage/generator/test_after_grant.py::test_1 PASSED [ 997/1179]
2025-03-24 22:23:20.495 tests/security/dml_access/usage/generator/test_after_revoke.py::test_1 PASSED [ 998/1179]
2025-03-24 22:23:22.487 tests/security/dml_access/usage/generator/test_wgo_after_grant.py::test_1 PASSED [ 999/1179]
2025-03-24 22:23:27.798 tests/security/dml_access/usage/generator/test_wgo_after_revoke.py::test_1 PASSED [1000/1179]
2025-03-24 22:23:31.376 tests/security/dml_access/usage/generator/test_wgo_after_revoke_not_admin.py::test_1 PASSED [1001/1179]
2025-03-24 22:23:37.123 tests/security/dml_access/usage/generator/test_wgo_without_grant.py::test_1 PASSED [1002/1179]
2025-03-24 22:23:40.651 tests/security/dml_access/usage/generator/test_without_grant.py::test_1 PASSED [1003/1179]
2025-03-24 22:23:42.662 tests/security/dml_access/usage/sequence/test_after_grant.py::test_1 PASSED [1004/1179]
2025-03-24 22:23:44.633 tests/security/dml_access/usage/sequence/test_after_revoke.py::test_1 PASSED [1005/1179]
2025-03-24 22:23:46.573 tests/security/dml_access/usage/sequence/test_wgo_after_grant.py::test_1 PASSED [1006/1179]
2025-03-24 22:23:51.764 tests/security/dml_access/usage/sequence/test_wgo_after_revoke.py::test_1 PASSED [1007/1179]
2025-03-24 22:23:55.239 tests/security/dml_access/usage/sequence/test_wgo_after_revoke_not_admin.py::test_1 PASSED [1008/1179]
2025-03-24 22:24:00.978 tests/security/dml_access/usage/sequence/test_wgo_without_grant.py::test_1 PASSED [1009/1179]
2025-03-24 22:24:04.467 tests/security/dml_access/usage/sequence/test_without_grant.py::test_1 PASSED [1010/1179]
2025-03-24 22:24:06.393 tests/security/encrypt_plugins/Crypto_API/test_conf_empty_keyholder_plugin.py::test_1 PASSED [1011/1179]
2025-03-24 22:24:07.813 tests/security/encrypt_plugins/Crypto_API/test_conf_wrong_keyholder_plugin.py::test_1 PASSED [1012/1179]
2025-03-24 22:24:09.234 tests/security/encrypt_plugins/Crypto_API/test_db_encrypt_absent_key.py::test_1 PASSED [1013/1179]
2025-03-24 22:24:10.708 tests/security/encrypt_plugins/Crypto_API/test_db_encrypt_invalid_key.py::test_1 PASSED [1014/1179]
2025-03-24 22:24:12.178 tests/security/encrypt_plugins/Crypto_API/test_db_encrypt_keydirectory_not_exists.py::test_1 PASSED [1015/1179]
2025-03-24 22:24:13.678 tests/security/encrypt_plugins/Crypto_API/test_db_encrypt_new_key.py::test_1 PASSED [1016/1179]
2025-03-24 22:24:16.398 tests/security/encrypt_plugins/Crypto_API/test_db_encrypt_old_key.py::test_1 PASSED [1017/1179]
2025-03-24 22:24:19.546 tests/security/encrypt_plugins/Crypto_API/test_db_encrypt_other_key.py::test_1 PASSED [1018/1179]
2025-03-24 22:24:23.245 tests/security/encrypt_plugins/Crypto_API/test_delete_key_db_decrypt.py::test_1 PASSED [1019/1179]
2025-03-24 22:24:25.643 tests/security/encrypt_plugins/Crypto_API/test_find_encrypted_data.py::test_1 PASSED [1020/1179]
2025-03-24 22:24:28.439 tests/security/encrypt_plugins/Crypto_API/several_attachments/test_first_decrypt_second_drop.py::test_1 PASSED [1021/1179]
2025-03-24 22:24:31.075 tests/security/encrypt_plugins/Crypto_API/several_attachments/test_first_decrypt_second_select.py::test_1 PASSED [1022/1179]
2025-03-24 22:24:33.856 tests/security/encrypt_plugins/Crypto_API/several_attachments/test_first_encrypt_and_info_second_info.py::test_1 PASSED [1023/1179]
2025-03-24 22:24:39.225 tests/security/encrypt_plugins/Crypto_API/several_attachments/test_first_encrypt_second_drop.py::test_1 PASSED [1024/1179]
2025-03-24 22:24:40.750 tests/security/encrypt_plugins/Crypto_API/several_attachments/test_first_encrypt_second_select.py::test_1 PASSED [1025/1179]
2025-03-24 22:24:43.406 tests/security/encrypt_plugins/Crypto_API/several_attachments/test_first_encrypt_second_select_isql.py::test_1 PASSED [1026/1179]
2025-03-24 22:24:46.200 tests/security/encrypt_plugins/Crypto_API/several_attachments/test_first_re_encrypt_second_select.py::test_1 PASSED [1027/1179]
2025-03-24 22:24:51.082 tests/security/encrypt_plugins/RdbCrypt/test_conf_empty_keyholder_plugin.py::test_1 PASSED [1028/1179]
2025-03-24 22:24:52.502 tests/security/encrypt_plugins/RdbCrypt/test_conf_wrong_keyholder_plugin.py::test_1 PASSED [1029/1179]
2025-03-24 22:24:53.936 tests/security/encrypt_plugins/RdbCrypt/test_db_encrypt_absent_key.py::test_1 PASSED [1030/1179]
2025-03-24 22:24:55.270 tests/security/encrypt_plugins/RdbCrypt/test_db_encrypt_external_key.py::test_1 PASSED [1031/1179]
2025-03-24 22:24:57.728 tests/security/encrypt_plugins/RdbCrypt/test_db_encrypt_invalid_key.py::test_1 PASSED [1032/1179]
2025-03-24 22:24:59.115 tests/security/encrypt_plugins/RdbCrypt/test_db_encrypt_key_invalid_value.py::test_1 PASSED [1033/1179]
2025-03-24 22:25:01.549 tests/security/encrypt_plugins/RdbCrypt/test_db_encrypt_keydirectory_not_exists.py::test_1 PASSED [1034/1179]
2025-03-24 22:25:03.051 tests/security/encrypt_plugins/RdbCrypt/test_db_encrypt_new_key.py::test_1 PASSED [1035/1179]
2025-03-24 22:25:05.573 tests/security/encrypt_plugins/RdbCrypt/test_db_encrypt_old_key.py::test_1 PASSED [1036/1179]
2025-03-24 22:25:08.439 tests/security/encrypt_plugins/RdbCrypt/test_db_encrypt_other_key.py::test_1 PASSED [1037/1179]
2025-03-24 22:25:11.901 tests/security/encrypt_plugins/RdbCrypt/test_db_encrypt_without_key_keyword.py::test_1 PASSED [1038/1179]
2025-03-24 22:25:13.334 tests/security/encrypt_plugins/RdbCrypt/test_delete_key_db_decrypt.py::test_1 PASSED [1039/1179]
2025-03-24 22:25:16.650 tests/security/encrypt_plugins/RdbCrypt/test_find_encrypted_data.py::test_1 PASSED [1040/1179]
2025-03-24 22:25:19.212 tests/security/encrypt_plugins/RdbCrypt/several_attachments/test_first_decrypt_second_drop.py::test_1 PASSED [1041/1179]
2025-03-24 22:25:21.662 tests/security/encrypt_plugins/RdbCrypt/several_attachments/test_first_decrypt_second_select.py::test_1 PASSED [1042/1179]
2025-03-24 22:25:24.219 tests/security/encrypt_plugins/RdbCrypt/several_attachments/test_first_encrypt_and_info_second_info.py::test_1 PASSED [1043/1179]
2025-03-24 22:25:29.567 tests/security/encrypt_plugins/RdbCrypt/several_attachments/test_first_encrypt_second_drop.py::test_1 PASSED [1044/1179]
2025-03-24 22:25:30.898 tests/security/encrypt_plugins/RdbCrypt/several_attachments/test_first_encrypt_second_select.py::test_1 PASSED [1045/1179]
2025-03-24 22:25:33.393 tests/security/encrypt_plugins/RdbCrypt/several_attachments/test_first_encrypt_second_select_isql.py::test_1 PASSED [1046/1179]
2025-03-24 22:25:35.900 tests/security/encrypt_plugins/RdbCrypt/several_attachments/test_first_re_encrypt_second_select.py::test_1 PASSED [1047/1179]
2025-03-24 22:25:40.501 tests/security/policy/test_compliantdiffcase.py::test_1 PASSED [1048/1179]
2025-03-24 22:25:41.637 tests/security/policy/test_compliantneedchar.py::test_1 PASSED [1049/1179]
2025-03-24 22:25:42.843 tests/security/policy/test_compliantneeddigit.py::test_1 PASSED [1050/1179]
2025-03-24 22:25:44.006 tests/security/policy/test_compliantneedspecial.py::test_1 PASSED [1051/1179]
2025-03-24 22:25:45.317 tests/security/policy/test_compliantpaslength.py::test_1 PASSED [1052/1179]
2025-03-24 22:25:46.419 tests/security/policy/test_create_polict_if_not_exists.py::test_1 PASSED [1053/1179]
2025-03-24 22:25:47.176 tests/security/policy/test_create_policy_if_not_exists_2.py::test_1 PASSED [1054/1179]
2025-03-24 22:25:47.820 tests/security/policy/test_drop_policy_if_exists.py::test_1 PASSED [1055/1179]
2025-03-24 22:25:48.569 tests/security/policy/test_drop_policy_if_exists_2.py::test_1 PASSED [1056/1179]
2025-03-24 22:25:49.488 tests/security/policy/test_failedcount_reset01.py::test_1 PASSED [1057/1179]
2025-03-24 22:25:51.130 tests/security/policy/test_failedcount_reset02.py::test_1 PASSED [1058/1179]
2025-03-24 22:25:53.023 tests/security/policy/test_failedcount_reset03.py::test_1 PASSED [1059/1179]
2025-03-24 22:25:54.712 tests/security/policy/test_failedcount_reset04.py::test_1 PASSED [1060/1179]
2025-03-24 22:25:56.448 tests/security/policy/test_failedcountcontrol.py::test_1 PASSED [1061/1179]
2025-03-24 22:26:00.829 tests/security/policy/test_policyplugin_authserver_warning.py::test_1 PASSED [1062/1179]
2025-03-24 22:26:05.401 tests/security/policy/test_policyplugin_invalid_value.py::test_1 PASSED [1063/1179]
2025-03-24 22:26:05.793 tests/security/policy/test_pswuniquecountcontrol.py::test_1 PASSED [1064/1179]
2025-03-24 22:26:10.871 tests/security/policy/test_pswuniquecountfailed.py::test_1 PASSED [1065/1179]
2025-03-24 22:26:15.974 tests/security/policy/test_uncompliantdiffcase.py::test_1 PASSED [1066/1179]
2025-03-24 22:26:16.780 tests/security/policy/test_uncompliantneedchar.py::test_1 PASSED [1067/1179]
2025-03-24 22:26:17.692 tests/security/policy/test_uncompliantneeddigit.py::test_1 PASSED [1068/1179]
2025-03-24 22:26:18.531 tests/security/policy/test_uncompliantneedspecial.py::test_1 PASSED [1069/1179]
2025-03-24 22:26:19.792 tests/security/policy/test_uncompliantpaslength.py::test_1 PASSED [1070/1179]
2025-03-24 22:26:20.640 tests/security/roles/test_conn_role_grant_update.py::test_1 PASSED [1071/1179]
2025-03-24 22:26:21.831 tests/security/roles/test_conn_with_non_grant_role.py::test_1 PASSED [1072/1179]
2025-03-24 22:26:22.901 tests/security/roles/test_conn_with_role_using.py::test_1 PASSED [1073/1179]
2025-03-24 22:26:23.968 tests/security/roles/test_equal_role_and_user_names.py::test_1 PASSED [1074/1179]
2025-03-24 22:26:25.966 tests/security/roles/test_grant_default_all_roles.py::test_1 PASSED [1075/1179]
2025-03-24 22:26:27.019 tests/security/roles/test_grant_default_one_of_roles.py::test_1 PASSED [1076/1179]
2025-03-24 22:26:28.068 tests/security/roles/test_grant_default_one_of_roles2.py::test_1 PASSED [1077/1179]
2025-03-24 22:26:29.137 tests/security/roles/test_grant_ins_role_to_upd_role.py::test_1 PASSED [1078/1179]
2025-03-24 22:26:30.219 tests/security/roles/test_revoke_default_roles.py::test_1 PASSED [1079/1179]
2025-03-24 22:26:31.263 tests/security/roles/test_revoke_default_roles2.py::test_1 PASSED [1080/1179]
2025-03-24 22:26:32.373 tests/security/roles/test_revoke_role_from_role.py::test_1 PASSED [1081/1179]
2025-03-24 22:26:33.474 tests/security/roles/test_role_cross_linking.py::test_1 PASSED [1082/1179]
2025-03-24 22:26:33.984 tests/security/roles/test_roles_grants_cumulating.py::test_1 PASSED [1083/1179]
2025-03-24 22:26:35.063 tests/security/roles/test_setroles.py::test_1 PASSED [1084/1179]
2025-03-24 22:26:36.192 tests/security/service_access/test_add_user_after_grant.py::test_1 PASSED [1085/1179]
2025-03-24 22:26:37.392 tests/security/service_access/test_add_user_after_revoke.py::test_1 PASSED [1086/1179]
2025-03-24 22:26:38.560 tests/security/service_access/test_add_user_without_grant.py::test_1 PASSED [1087/1179]
2025-03-24 22:26:39.488 tests/security/service_access/test_backing_after_grant.py::test_1 PASSED [1088/1179]
2025-03-24 22:26:40.583 tests/security/service_access/test_backing_after_grant_role.py::test_1 PASSED [1089/1179]
2025-03-24 22:26:41.950 tests/security/service_access/test_backing_after_revoke.py::test_1 PASSED [1090/1179]
2025-03-24 22:26:43.057 tests/security/service_access/test_backing_after_revoke_role.py::test_1 PASSED [1091/1179]
2025-03-24 22:26:44.386 tests/security/service_access/test_backing_sysdba.py::test_1 PASSED [1092/1179]
2025-03-24 22:26:44.861 tests/security/service_access/test_backing_without_grant.py::test_1 PASSED [1093/1179]
2025-03-24 22:26:45.782 tests/security/service_access/test_backing_without_grant_role.py::test_1 PASSED [1094/1179]
2025-03-24 22:26:47.108 tests/security/service_access/test_delete_usr_after_grant.py::test_1 PASSED [1095/1179]
2025-03-24 22:26:48.439 tests/security/service_access/test_delete_usr_after_revoke.py::test_1 PASSED [1096/1179]
2025-03-24 22:26:49.975 tests/security/service_access/test_delete_usr_without_grant.py::test_1 PASSED [1097/1179]
2025-03-24 22:26:51.348 tests/security/service_access/test_display_usr_after_grant.py::test_1 PASSED [1098/1179]
2025-03-24 22:26:52.786 tests/security/service_access/test_display_usr_after_revoke.py::test_1 PASSED [1099/1179]
2025-03-24 22:26:54.495 tests/security/service_access/test_display_usr_sysdba.py::test_1 PASSED [1100/1179]
2025-03-24 22:26:54.987 tests/security/service_access/test_display_usr_without_grant.py::test_1 PASSED [1101/1179]
2025-03-24 22:26:56.358 tests/security/service_access/test_get_db_stat_after_grant.py::test_1 PASSED [1102/1179]
2025-03-24 22:26:57.579 tests/security/service_access/test_get_db_stat_after_grant_role.py::test_1 PASSED [1103/1179]
2025-03-24 22:26:59.109 tests/security/service_access/test_get_db_stat_after_revoke.py::test_1 PASSED [1104/1179]
2025-03-24 22:27:00.185 tests/security/service_access/test_get_db_stat_after_revoke_role.py::test_1 PASSED [1105/1179]
2025-03-24 22:27:01.516 tests/security/service_access/test_get_db_stat_sysdba.py::test_1 PASSED [1106/1179]
2025-03-24 22:27:02.010 tests/security/service_access/test_get_db_stat_without_grant.py::test_1 PASSED [1107/1179]
2025-03-24 22:27:02.937 tests/security/service_access/test_get_db_stat_without_grant_role.py::test_1 PASSED [1108/1179]
2025-03-24 22:27:04.234 tests/security/service_access/test_get_log_after_grant.py::test_1 PASSED [1109/1179]
2025-03-24 22:27:05.203 tests/security/service_access/test_get_log_sysdba.py::test_1 PASSED [1110/1179]
2025-03-24 22:27:05.643 tests/security/service_access/test_get_log_without_grant.py::test_1 PASSED [1111/1179]
2025-03-24 22:27:06.566 tests/security/service_access/test_get_usr_after_grant.py::test_1 PASSED [1112/1179]
2025-03-24 22:27:07.505 tests/security/service_access/test_get_usr_after_revoke.py::test_1 PASSED [1113/1179]
2025-03-24 22:27:08.630 tests/security/service_access/test_get_usr_without_grant.py::test_1 PASSED [1114/1179]
2025-03-24 22:27:09.536 tests/security/service_access/test_modify_self.py::test_1 PASSED [1115/1179]
2025-03-24 22:27:10.823 tests/security/service_access/test_modify_sysdba.py::test_1 PASSED [1116/1179]
2025-03-24 22:27:11.785 tests/security/service_access/test_modify_usr_after_grant.py::test_1 PASSED [1117/1179]
2025-03-24 22:27:13.174 tests/security/service_access/test_modify_usr_after_revoke.py::test_1 PASSED [1118/1179]
2025-03-24 22:27:14.777 tests/security/service_access/test_modify_usr_without_grant.py::test_1 PASSED [1119/1179]
2025-03-24 22:27:16.488 tests/security/service_access/test_pagesize_after_grant.py::test_1 PASSED [1120/1179]
2025-03-24 22:27:18.334 tests/security/service_access/test_pagesize_after_grant_role.py::test_1 PASSED [1121/1179]
2025-03-24 22:27:19.878 tests/security/service_access/test_pagesize_after_revoke.py::test_1 PASSED [1122/1179]
2025-03-24 22:27:20.937 tests/security/service_access/test_pagesize_after_revoke_role.py::test_1 PASSED [1123/1179]
2025-03-24 22:27:22.300 tests/security/service_access/test_pagesize_sysdba.py::test_1 PASSED [1124/1179]
2025-03-24 22:27:22.757 tests/security/service_access/test_pagesize_without_grant.py::test_1 PASSED [1125/1179]
2025-03-24 22:27:23.663 tests/security/service_access/test_pagesize_without_grant_role.py::test_1 PASSED [1126/1179]
2025-03-24 22:27:24.969 tests/security/service_access/test_repair_db_after_grant.py::test_1 PASSED [1127/1179]
2025-03-24 22:27:26.123 tests/security/service_access/test_repair_db_after_grant_role.py::test_1 PASSED [1128/1179]
2025-03-24 22:27:27.402 tests/security/service_access/test_repair_db_after_revoke.py::test_1 PASSED [1129/1179]
2025-03-24 22:27:28.424 tests/security/service_access/test_repair_db_after_revoke_role.py::test_1 PASSED [1130/1179]
2025-03-24 22:27:29.755 tests/security/service_access/test_repair_db_sysdba.py::test_1 PASSED [1131/1179]
2025-03-24 22:27:30.366 tests/security/service_access/test_repair_db_without_grant.py::test_1 PASSED [1132/1179]
2025-03-24 22:27:31.312 tests/security/service_access/test_repair_db_without_grant_role.py::test_1 PASSED [1133/1179]
2025-03-24 22:27:32.612 tests/security/service_access/test_restore_after_grant.py::test_1 PASSED [1134/1179]
2025-03-24 22:27:33.758 tests/security/service_access/test_restore_after_grant_role.py::test_1 PASSED [1135/1179]
2025-03-24 22:27:35.329 tests/security/service_access/test_restore_after_revoke.py::test_1 PASSED [1136/1179]
2025-03-24 22:27:36.609 tests/security/service_access/test_restore_after_revoke_role.py::test_1 PASSED [1137/1179]
2025-03-24 22:27:38.060 tests/security/service_access/test_restore_sysdba.py::test_1 PASSED [1138/1179]
2025-03-24 22:27:38.723 tests/security/service_access/test_restore_without_grant.py::test_1 PASSED [1139/1179]
2025-03-24 22:27:39.733 tests/security/service_access/test_restore_without_grant_role.py::test_1 PASSED [1140/1179]
2025-03-24 22:27:41.157 tests/security/service_access/test_set_db_prop_after_grant.py::test_1 PASSED [1141/1179]
2025-03-24 22:27:42.312 tests/security/service_access/test_set_db_prop_after_revoke.py::test_1 PASSED [1142/1179]
2025-03-24 22:27:43.365 tests/security/service_access/test_set_db_prop_without_grant.py::test_1 PASSED [1143/1179]
2025-03-24 22:27:44.265 tests/security/trusteduser/test_trusteduser_correctlogin.py::test_correct_login PASSED [1144/1179]
2025-03-24 22:27:49.407 tests/security/trusteduser/test_trusteduser_incorrectlogin.py::test_incorrect_login PASSED [1145/1179]
2025-03-24 22:27:54.510 tests/security/wipe_memory/wipe_db_on_disc_linux_test.py::test_1 PASSED [1146/1179]
2025-03-24 22:27:59.724 tests/security/wipe_memory/wipe_db_on_disk_win_test.py::test_1 SKIPPED [1147/1179]
2025-03-24 22:27:59.725 tests/security/wipe_memory/wipe_record_in_memory_test.py::test_1 PASSED [1148/1179]
2025-03-24 22:28:05.787 tests/security/wipe_memory/wipe_record_on_disc_test.py::test_1 PASSED [1149/1179]
2025-03-24 22:28:10.543 tests/security/wipe_memory/wipe_table_in_memory_test.py::test_1 PASSED [1150/1179]
2025-03-24 22:28:16.235 tests/security/wipe_memory/wipe_table_on_disc_test.py::test_1 PASSED [1151/1179]
2025-03-24 22:28:20.939 tests/stest/Audit_Testing/test_audit_log_archive.py::test_1 PASSED [1152/1179]
2025-03-24 22:29:00.012 tests/stest/Roles_Testing/dbadmin/test_alter_dbuser.py::test_1 PASSED [1153/1179]
2025-03-24 22:29:00.524 tests/stest/Roles_Testing/dbadmin/test_alter_dbuser_active.py::test_1 PASSED [1154/1179]
2025-03-24 22:29:01.030 tests/stest/Roles_Testing/dbadmin/test_alter_dbuser_inactive.py::test_1 PASSED [1155/1179]
2025-03-24 22:29:01.599 tests/stest/Roles_Testing/dbadmin/test_alter_procedure.py::test_1 PASSED [1156/1179]
2025-03-24 22:29:02.144 tests/stest/Roles_Testing/dbadmin/test_create_dbuser.py::test_1 PASSED [1157/1179]
2025-03-24 22:29:02.654 tests/stest/Roles_Testing/dbadmin/test_create_procedure.py::test_1 PASSED [1158/1179]
2025-03-24 22:29:03.164 tests/stest/Roles_Testing/dbadmin/test_drop_dbuser.py::test_1 PASSED [1159/1179]
2025-03-24 22:29:03.688 tests/stest/Roles_Testing/dbadmin/test_drop_procedure.py::test_1 PASSED [1160/1179]
2025-03-24 22:29:04.241 tests/stest/Roles_Testing/dbadmin/test_gbak_backup_db.py::test_1 PASSED [1161/1179]
2025-03-24 22:29:04.852 tests/stest/Roles_Testing/dbadmin/test_gbak_restore_db.py::test_1 PASSED [1162/1179]
2025-03-24 22:29:05.904 tests/stest/Roles_Testing/dbadmin/test_grant_create_table.py::test_1 PASSED [1163/1179]
2025-03-24 22:29:06.563 tests/stest/Roles_Testing/dbadmin/test_nbackup_backup_db.py::test_1 PASSED [1164/1179]
2025-03-24 22:29:07.163 tests/stest/Roles_Testing/dbadmin/test_nbackup_restore_db.py::test_1 PASSED [1165/1179]
2025-03-24 22:29:07.823 tests/stest/Roles_Testing/dbadmin/test_use_fbtrace_adapter.py::test_1 PASSED [1166/1179]
2025-03-24 22:29:11.556 tests/stest/Roles_Testing/dbuser/test_alter_table.py::test_1 PASSED [1167/1179]
2025-03-24 22:29:12.068 tests/stest/Roles_Testing/dbuser/test_create_table.py::test_1 PASSED [1168/1179]
2025-03-24 22:29:12.564 tests/stest/Roles_Testing/dbuser/test_drop_table.py::test_1 PASSED [1169/1179]
2025-03-24 22:29:13.110 tests/stest/Roles_Testing/dbuser/test_execute_procedure.py::test_1 PASSED [1170/1179]
2025-03-24 22:29:13.644 tests/stest/Roles_Testing/dbuser/test_use_fbtrace_adapter.py::test_1 PASSED [1171/1179]
2025-03-24 22:29:17.272 tests/stest/Roles_Testing/sysadmin/test_alter_user.py::test_1 PASSED [1172/1179]
2025-03-24 22:29:19.012 tests/stest/Roles_Testing/sysadmin/test_alter_user_active.py::test_1 PASSED [1173/1179]
2025-03-24 22:29:21.363 tests/stest/Roles_Testing/sysadmin/test_alter_user_inactive.py::test_1 PASSED [1174/1179]
2025-03-24 22:29:23.141 tests/stest/Roles_Testing/sysadmin/test_create_database.py::test_1 PASSED [1175/1179]
2025-03-24 22:29:24.387 tests/stest/Roles_Testing/sysadmin/test_create_user.py::test_1 PASSED [1176/1179]
2025-03-24 22:29:26.085 tests/stest/Roles_Testing/sysadmin/test_drop_user.py::test_1 PASSED [1177/1179]
2025-03-24 22:29:27.634 tests/stest/Roles_Testing/sysadmin/test_grant_create_database.py::test_1 PASSED [1178/1179]
2025-03-24 22:29:29.434 tests/stest/Roles_Testing/sysadmin/test_use_fbtrace_adapter.py::test_1 PASSED [1179/1179]